#
# There is insufficient memory for the Java Runtime Environment to continue.
# Native memory allocation (malloc) failed to allocate 1979840 bytes. Error detail: Chunk::new
# Possible reasons:
#   The system is out of physical RAM or swap space
#   This process is running with CompressedOops enabled, and the Java Heap may be blocking the growth of the native heap
# Possible solutions:
#   Reduce memory load on the system
#   Increase physical memory or swap space
#   Check if swap backing store is full
#   Decrease Java heap size (-Xmx/-Xms)
#   Decrease number of Java threads
#   Decrease Java thread stack sizes (-Xss)
#   Set larger code cache with -XX:ReservedCodeCacheSize=
#   JVM is running with Unscaled Compressed Oops mode in which the Java heap is
#     placed in the first 4GB address space. The Java Heap base address is the
#     maximum limit for the native heap growth. Please use -XX:HeapBaseMinAddress
#     to set the Java Heap base and to place the Java Heap above 4GB virtual address.
# This output file may be truncated or incomplete.
#
#  Out of Memory Error (arena.cpp:168), pid=3596, tid=12628
#
# JRE version: OpenJDK Runtime Environment Temurin-21.0.9+10 (21.0.9+10) (build 21.0.9+10-LTS)
# Java VM: OpenJDK 64-Bit Server VM Temurin-21.0.9+10 (21.0.9+10-LTS, mixed mode, tiered, compressed oops, compressed class ptrs, g1 gc, windows-amd64)
# No core dump will be written. Minidumps are not enabled by default on client versions of Windows
#

---------------  S U M M A R Y ------------

Command Line: -agentlib:jdwp=transport=dt_socket,server=n,suspend=y,address=localhost:63006 -XX:+ShowCodeDetailsInExceptionMessages com.appdevg4.CitMedConnect.CitMedConnectApplication

Host: 12th Gen Intel(R) Core(TM) i5-12500H, 16 cores, 7G,  Windows 11 , 64 bit Build 26100 (10.0.26100.5074)
Time: Sat Nov 29 13:15:05 2025 Malay Peninsula Standard Time elapsed time: 8.132686 seconds (0d 0h 0m 8s)

---------------  T H R E A D  ---------------

Current thread (0x000001d2b1808a80):  JavaThread "C2 CompilerThread0" daemon [_thread_in_native, id=12628, stack(0x000000c99c200000,0x000000c99c300000) (1024K)]


Current CompileTask:
C2:8132 4873   !   4       jdk.internal.loader.BuiltinClassLoader::findClassOnClassPathOrNull (64 bytes)

Stack: [0x000000c99c200000,0x000000c99c300000]
Native frames: (J=compiled Java code, j=interpreted, Vv=VM code, C=native code)
V  [jvm.dll+0x6d6e29]
V  [jvm.dll+0x8b4b76]
V  [jvm.dll+0x8b712e]
V  [jvm.dll+0x8b7813]
V  [jvm.dll+0x283d86]
V  [jvm.dll+0xc66ed]
V  [jvm.dll+0xc6c31]
V  [jvm.dll+0x3be53b]
V  [jvm.dll+0x1e3b52]
V  [jvm.dll+0x24c0f3]
V  [jvm.dll+0x24b580]
V  [jvm.dll+0x1cb13e]
V  [jvm.dll+0x25b29d]
V  [jvm.dll+0x25982a]
V  [jvm.dll+0x3f7ea6]
V  [jvm.dll+0x85e9ad]
V  [jvm.dll+0x6d565d]
C  [ucrtbase.dll+0x37b0]
C  [KERNEL32.DLL+0x2e8d7]
C  [ntdll.dll+0x8d9c]


---------------  P R O C E S S  ---------------

Threads class SMR info:
_java_thread_list=0x000001d2b98157a0, length=22, elements={
0x000001d297200ad0, 0x000001d2b17da770, 0x000001d2b17dc4d0, 0x000001d2b1805300,
0x000001d2b18038c0, 0x000001d2b1805990, 0x000001d2b18066b0, 0x000001d2b1808a80,
0x000001d2b180b6f0, 0x000001d2b19c5080, 0x000001d2b1a32da0, 0x000001d2b1a50300,
0x000001d2b1a51730, 0x000001d2b1806020, 0x000001d2b1803230, 0x000001d2b18045e0,
0x000001d2b1804c70, 0x000001d2b6f9f3d0, 0x000001d2b6f9e6b0, 0x000001d2b6f9c5e0,
0x000001d2b6fa00f0, 0x000001d2b19c3c10
}

Java Threads: ( => current thread )
  0x000001d297200ad0 JavaThread "main"                              [_thread_blocked, id=15772, stack(0x000000c99b400000,0x000000c99b500000) (1024K)]
  0x000001d2b17da770 JavaThread "Reference Handler"          daemon [_thread_blocked, id=11348, stack(0x000000c99bc00000,0x000000c99bd00000) (1024K)]
  0x000001d2b17dc4d0 JavaThread "Finalizer"                  daemon [_thread_blocked, id=5520, stack(0x000000c99bd00000,0x000000c99be00000) (1024K)]
  0x000001d2b1805300 JavaThread "Signal Dispatcher"          daemon [_thread_blocked, id=26264, stack(0x000000c99be00000,0x000000c99bf00000) (1024K)]
  0x000001d2b18038c0 JavaThread "Attach Listener"            daemon [_thread_blocked, id=22072, stack(0x000000c99bf00000,0x000000c99c000000) (1024K)]
  0x000001d2b1805990 JavaThread "Service Thread"             daemon [_thread_blocked, id=21976, stack(0x000000c99c000000,0x000000c99c100000) (1024K)]
  0x000001d2b18066b0 JavaThread "Monitor Deflation Thread"   daemon [_thread_blocked, id=2560, stack(0x000000c99c100000,0x000000c99c200000) (1024K)]
=>0x000001d2b1808a80 JavaThread "C2 CompilerThread0"         daemon [_thread_in_native, id=12628, stack(0x000000c99c200000,0x000000c99c300000) (1024K)]
  0x000001d2b180b6f0 JavaThread "C1 CompilerThread0"         daemon [_thread_blocked, id=10960, stack(0x000000c99c300000,0x000000c99c400000) (1024K)]
  0x000001d2b19c5080 JavaThread "C1 CompilerThread1"         daemon [_thread_blocked, id=24668, stack(0x000000c99c400000,0x000000c99c500000) (1024K)]
  0x000001d2b1a32da0 JavaThread "JDWP Transport Listener: dt_socket" daemon [_thread_blocked, id=21452, stack(0x000000c99c600000,0x000000c99c700000) (1024K)]
  0x000001d2b1a50300 JavaThread "JDWP Event Helper Thread"   daemon [_thread_blocked, id=1972, stack(0x000000c99c700000,0x000000c99c800000) (1024K)]
  0x000001d2b1a51730 JavaThread "JDWP Command Reader"        daemon [_thread_in_native, id=19452, stack(0x000000c99c800000,0x000000c99c900000) (1024K)]
  0x000001d2b1806020 JavaThread "Notification Thread"        daemon [_thread_blocked, id=7248, stack(0x000000c99c900000,0x000000c99ca00000) (1024K)]
  0x000001d2b1803230 JavaThread "Common-Cleaner"             daemon [_thread_blocked, id=2212, stack(0x000000c99ca00000,0x000000c99cb00000) (1024K)]
  0x000001d2b18045e0 JavaThread "Thread-0"                          [_thread_blocked, id=3656, stack(0x000000c99cb00000,0x000000c99cc00000) (1024K)]
  0x000001d2b1804c70 JavaThread "restartedMain"                     [_thread_in_vm, id=8244, stack(0x000000c99cc00000,0x000000c99cd00000) (1024K)]
  0x000001d2b6f9f3d0 JavaThread "Catalina-utility-1"                [_thread_blocked, id=3868, stack(0x000000c99d400000,0x000000c99d500000) (1024K)]
  0x000001d2b6f9e6b0 JavaThread "Catalina-utility-2"                [_thread_blocked, id=3576, stack(0x000000c99dc00000,0x000000c99dd00000) (1024K)]
  0x000001d2b6f9c5e0 JavaThread "container-0"                       [_thread_blocked, id=11584, stack(0x000000c99dd00000,0x000000c99de00000) (1024K)]
  0x000001d2b6fa00f0 JavaThread "mysql-cj-abandoned-connection-cleanup" daemon [_thread_blocked, id=16368, stack(0x000000c99de00000,0x000000c99df00000) (1024K)]
  0x000001d2b19c3c10 JavaThread "C2 CompilerThread1"         daemon [_thread_in_native, id=4688, stack(0x000000c99df00000,0x000000c99e000000) (1024K)]
Total: 22

Other Threads:
  0x000001d2b17b08c0 VMThread "VM Thread"                           [id=10332, stack(0x000000c99bb00000,0x000000c99bc00000) (1024K)]
  0x000001d2b17178c0 WatcherThread "VM Periodic Task Thread"        [id=25940, stack(0x000000c99ba00000,0x000000c99bb00000) (1024K)]
  0x000001d2996ce9a0 WorkerThread "GC Thread#0"                     [id=9472, stack(0x000000c99b500000,0x000000c99b600000) (1024K)]
  0x000001d2b67fe850 WorkerThread "GC Thread#1"                     [id=25248, stack(0x000000c99cd00000,0x000000c99ce00000) (1024K)]
  0x000001d2b67febf0 WorkerThread "GC Thread#2"                     [id=5280, stack(0x000000c99ce00000,0x000000c99cf00000) (1024K)]
  0x000001d2b66071e0 WorkerThread "GC Thread#3"                     [id=24992, stack(0x000000c99cf00000,0x000000c99d000000) (1024K)]
  0x000001d2b6607580 WorkerThread "GC Thread#4"                     [id=13508, stack(0x000000c99d000000,0x000000c99d100000) (1024K)]
  0x000001d2b6f29460 WorkerThread "GC Thread#5"                     [id=11968, stack(0x000000c99d100000,0x000000c99d200000) (1024K)]
  0x000001d2b6f290c0 WorkerThread "GC Thread#6"                     [id=25708, stack(0x000000c99d200000,0x000000c99d300000) (1024K)]
  0x000001d2b6f29800 WorkerThread "GC Thread#7"                     [id=1828, stack(0x000000c99d300000,0x000000c99d400000) (1024K)]
  0x000001d2b6f285e0 WorkerThread "GC Thread#8"                     [id=3012, stack(0x000000c99d500000,0x000000c99d600000) (1024K)]
  0x000001d2b6f28980 WorkerThread "GC Thread#9"                     [id=16840, stack(0x000000c99d600000,0x000000c99d700000) (1024K)]
  0x000001d2b711a640 WorkerThread "GC Thread#10"                    [id=26276, stack(0x000000c99d700000,0x000000c99d800000) (1024K)]
  0x000001d2b7119080 WorkerThread "GC Thread#11"                    [id=9108, stack(0x000000c99d800000,0x000000c99d900000) (1024K)]
  0x000001d2b711bfa0 WorkerThread "GC Thread#12"                    [id=24252, stack(0x000000c99d900000,0x000000c99da00000) (1024K)]
  0x000001d2996e1630 ConcurrentGCThread "G1 Main Marker"            [id=20332, stack(0x000000c99b600000,0x000000c99b700000) (1024K)]
  0x000001d2996e3690 WorkerThread "G1 Conc#0"                       [id=6244, stack(0x000000c99b700000,0x000000c99b800000) (1024K)]
  0x000001d2b711b120 WorkerThread "G1 Conc#1"                       [id=25516, stack(0x000000c99da00000,0x000000c99db00000) (1024K)]
  0x000001d2b711ca80 WorkerThread "G1 Conc#2"                       [id=4864, stack(0x000000c99db00000,0x000000c99dc00000) (1024K)]
  0x000001d2b15e6b20 ConcurrentGCThread "G1 Refine#0"               [id=25796, stack(0x000000c99b800000,0x000000c99b900000) (1024K)]
  0x000001d299669d80 ConcurrentGCThread "G1 Service"                [id=3616, stack(0x000000c99b900000,0x000000c99ba00000) (1024K)]
Total: 21

Threads with active compile tasks:
C2 CompilerThread0  8153 4873   !   4       jdk.internal.loader.BuiltinClassLoader::findClassOnClassPathOrNull (64 bytes)
C2 CompilerThread1  8153 4964       4       sun.net.util.URLUtil::urlNoFragString (143 bytes)
Total: 2

VM state: not at safepoint (normal execution)

VM Mutex/Monitor currently owned by a thread: None

Heap address: 0x0000000084800000, size: 1976 MB, Compressed Oops mode: 32-bit

CDS archive(s) not mapped
Compressed class space mapped at: 0x0000000100000000-0x0000000140000000, reserved size: 1073741824
Narrow klass base: 0x0000000000000000, Narrow klass shift: 3, Narrow klass range: 0x140000000

GC Precious Log:
 CardTable entry size: 512
 Card Set container configuration: InlinePtr #cards 5 size 8 Array Of Cards #cards 12 size 40 Howl #buckets 4 coarsen threshold 1843 Howl Bitmap #cards 512 size 80 coarsen threshold 460 Card regions per heap region 1 cards per card region 2048
 CPUs: 16 total, 16 available
 Memory: 7896M
 Large Page Support: Disabled
 NUMA Support: Disabled
 Compressed Oops: Enabled (32-bit)
 Heap Region Size: 1M
 Heap Min Capacity: 8M
 Heap Initial Capacity: 124M
 Heap Max Capacity: 1976M
 Pre-touch: Disabled
 Parallel Workers: 13
 Concurrent Workers: 3
 Concurrent Refinement Workers: 13
 Periodic GC: Disabled

Heap:
 garbage-first heap   total 44032K, used 28454K [0x0000000084800000, 0x0000000100000000)
  region size 1024K, 9 young (9216K), 3 survivors (3072K)
 Metaspace       used 54840K, committed 55424K, reserved 1114112K
  class space    used 7010K, committed 7232K, reserved 1048576K

Heap Regions: E=young(eden), S=young(survivor), O=old, HS=humongous(starts), HC=humongous(continues), CS=collection set, F=free, TAMS=top-at-mark-start, PB=parsable bottom
|   0|0x0000000084800000, 0x0000000084900000, 0x0000000084900000|100%|HS|  |TAMS 0x0000000084800000| PB 0x0000000084800000| Complete 
|   1|0x0000000084900000, 0x0000000084a00000, 0x0000000084a00000|100%|HS|  |TAMS 0x0000000084900000| PB 0x0000000084900000| Complete 
|   2|0x0000000084a00000, 0x0000000084b00000, 0x0000000084b00000|100%| O|  |TAMS 0x0000000084a00000| PB 0x0000000084a00000| Untracked 
|   3|0x0000000084b00000, 0x0000000084c00000, 0x0000000084c00000|100%| O|  |TAMS 0x0000000084b00000| PB 0x0000000084b00000| Untracked 
|   4|0x0000000084c00000, 0x0000000084d00000, 0x0000000084d00000|100%| O|  |TAMS 0x0000000084c00000| PB 0x0000000084c00000| Untracked 
|   5|0x0000000084d00000, 0x0000000084e00000, 0x0000000084e00000|100%| O|  |TAMS 0x0000000084d00000| PB 0x0000000084d00000| Untracked 
|   6|0x0000000084e00000, 0x0000000084f00000, 0x0000000084f00000|100%| O|  |TAMS 0x0000000084e00000| PB 0x0000000084e00000| Untracked 
|   7|0x0000000084f00000, 0x0000000085000000, 0x0000000085000000|100%| O|  |TAMS 0x0000000084f00000| PB 0x0000000084f00000| Untracked 
|   8|0x0000000085000000, 0x0000000085100000, 0x0000000085100000|100%| O|  |TAMS 0x0000000085000000| PB 0x0000000085000000| Untracked 
|   9|0x0000000085100000, 0x0000000085200000, 0x0000000085200000|100%| O|  |TAMS 0x0000000085100000| PB 0x0000000085100000| Untracked 
|  10|0x0000000085200000, 0x0000000085300000, 0x0000000085300000|100%| O|  |TAMS 0x0000000085200000| PB 0x0000000085200000| Untracked 
|  11|0x0000000085300000, 0x0000000085400000, 0x0000000085400000|100%| O|  |TAMS 0x0000000085300000| PB 0x0000000085300000| Untracked 
|  12|0x0000000085400000, 0x0000000085500000, 0x0000000085500000|100%| O|  |TAMS 0x0000000085400000| PB 0x0000000085400000| Untracked 
|  13|0x0000000085500000, 0x00000000855f33d8, 0x0000000085600000| 95%| O|  |TAMS 0x0000000085500000| PB 0x0000000085500000| Untracked 
|  14|0x0000000085600000, 0x0000000085700000, 0x0000000085700000|100%| O|  |TAMS 0x0000000085600000| PB 0x0000000085600000| Untracked 
|  15|0x0000000085700000, 0x0000000085800000, 0x0000000085800000|100%| O|  |TAMS 0x0000000085700000| PB 0x0000000085700000| Untracked 
|  16|0x0000000085800000, 0x0000000085900000, 0x0000000085900000|100%| O|  |TAMS 0x0000000085800000| PB 0x0000000085800000| Untracked 
|  17|0x0000000085900000, 0x0000000085a00000, 0x0000000085a00000|100%| O|  |TAMS 0x0000000085900000| PB 0x0000000085900000| Untracked 
|  18|0x0000000085a00000, 0x0000000085b00000, 0x0000000085b00000|100%| O|  |TAMS 0x0000000085a00000| PB 0x0000000085a00000| Untracked 
|  19|0x0000000085b00000, 0x0000000085c00000, 0x0000000085c00000|100%| O|  |TAMS 0x0000000085b00000| PB 0x0000000085b00000| Untracked 
|  20|0x0000000085c00000, 0x0000000085c00000, 0x0000000085d00000|  0%| F|  |TAMS 0x0000000085c00000| PB 0x0000000085c00000| Untracked 
|  21|0x0000000085d00000, 0x0000000085d00000, 0x0000000085e00000|  0%| F|  |TAMS 0x0000000085d00000| PB 0x0000000085d00000| Untracked 
|  22|0x0000000085e00000, 0x0000000085e00000, 0x0000000085f00000|  0%| F|  |TAMS 0x0000000085e00000| PB 0x0000000085e00000| Untracked 
|  23|0x0000000085f00000, 0x0000000085f00000, 0x0000000086000000|  0%| F|  |TAMS 0x0000000085f00000| PB 0x0000000085f00000| Untracked 
|  24|0x0000000086000000, 0x00000000860d6750, 0x0000000086100000| 83%| S|CS|TAMS 0x0000000086000000| PB 0x0000000086000000| Complete 
|  25|0x0000000086100000, 0x0000000086200000, 0x0000000086200000|100%| S|CS|TAMS 0x0000000086100000| PB 0x0000000086100000| Complete 
|  26|0x0000000086200000, 0x0000000086300000, 0x0000000086300000|100%| S|CS|TAMS 0x0000000086200000| PB 0x0000000086200000| Complete 
|  27|0x0000000086300000, 0x0000000086300000, 0x0000000086400000|  0%| F|  |TAMS 0x0000000086300000| PB 0x0000000086300000| Untracked 
|  28|0x0000000086400000, 0x0000000086400000, 0x0000000086500000|  0%| F|  |TAMS 0x0000000086400000| PB 0x0000000086400000| Untracked 
|  29|0x0000000086500000, 0x0000000086500000, 0x0000000086600000|  0%| F|  |TAMS 0x0000000086500000| PB 0x0000000086500000| Untracked 
|  30|0x0000000086600000, 0x0000000086600000, 0x0000000086700000|  0%| F|  |TAMS 0x0000000086600000| PB 0x0000000086600000| Untracked 
|  31|0x0000000086700000, 0x0000000086700000, 0x0000000086800000|  0%| F|  |TAMS 0x0000000086700000| PB 0x0000000086700000| Untracked 
|  32|0x0000000086800000, 0x0000000086800000, 0x0000000086900000|  0%| F|  |TAMS 0x0000000086800000| PB 0x0000000086800000| Untracked 
|  33|0x0000000086900000, 0x0000000086900000, 0x0000000086a00000|  0%| F|  |TAMS 0x0000000086900000| PB 0x0000000086900000| Untracked 
|  34|0x0000000086a00000, 0x0000000086a00000, 0x0000000086b00000|  0%| F|  |TAMS 0x0000000086a00000| PB 0x0000000086a00000| Untracked 
|  35|0x0000000086b00000, 0x0000000086b00000, 0x0000000086c00000|  0%| F|  |TAMS 0x0000000086b00000| PB 0x0000000086b00000| Untracked 
|  36|0x0000000086c00000, 0x0000000086c00000, 0x0000000086d00000|  0%| F|  |TAMS 0x0000000086c00000| PB 0x0000000086c00000| Untracked 
|  37|0x0000000086d00000, 0x0000000086d4faa0, 0x0000000086e00000| 31%| E|  |TAMS 0x0000000086d00000| PB 0x0000000086d00000| Complete 
|  38|0x0000000086e00000, 0x0000000086f00000, 0x0000000086f00000|100%| E|CS|TAMS 0x0000000086e00000| PB 0x0000000086e00000| Complete 
|  92|0x000000008a400000, 0x000000008a500000, 0x000000008a500000|100%| E|CS|TAMS 0x000000008a400000| PB 0x000000008a400000| Complete 
|  93|0x000000008a500000, 0x000000008a600000, 0x000000008a600000|100%| E|CS|TAMS 0x000000008a500000| PB 0x000000008a500000| Complete 
|  94|0x000000008a600000, 0x000000008a700000, 0x000000008a700000|100%| E|CS|TAMS 0x000000008a600000| PB 0x000000008a600000| Complete 
| 123|0x000000008c300000, 0x000000008c400000, 0x000000008c400000|100%| E|CS|TAMS 0x000000008c300000| PB 0x000000008c300000| Complete 

Card table byte_map: [0x000001d2ac4d0000,0x000001d2ac8b0000] _byte_map_base: 0x000001d2ac0ac000

Marking Bits: (CMBitMap*) 0x000001d2996cf7c0
 Bits: [0x000001d2ac8b0000, 0x000001d2ae790000)

Polling page: 0x000001d2974d0000

Metaspace:

Usage:
  Non-class:     46.76 MB used.
      Class:      6.86 MB used.
       Both:     53.62 MB used.

Virtual space:
  Non-class space:       64.00 MB reserved,      47.06 MB ( 74%) committed,  1 nodes.
      Class space:        1.00 GB reserved,       7.06 MB ( <1%) committed,  1 nodes.
             Both:        1.06 GB reserved,      54.12 MB (  5%) committed. 

Chunk freelists:
   Non-Class:  928.00 KB
       Class:  8.94 MB
        Both:  9.84 MB

MaxMetaspaceSize: unlimited
CompressedClassSpaceSize: 1.00 GB
Initial GC threshold: 21.00 MB
Current GC threshold: 58.69 MB
CDS: off
 - commit_granule_bytes: 65536.
 - commit_granule_words: 8192.
 - virtual_space_node_default_size: 8388608.
 - enlarge_chunks_in_place: 1.
 - use_allocation_guard: 0.


Internal statistics:

num_allocs_failed_limit: 6.
num_arena_births: 770.
num_arena_deaths: 0.
num_vsnodes_births: 2.
num_vsnodes_deaths: 0.
num_space_committed: 867.
num_space_uncommitted: 0.
num_chunks_returned_to_freelist: 6.
num_chunks_taken_from_freelist: 2405.
num_chunk_merges: 3.
num_chunk_splits: 1656.
num_chunks_enlarged: 1235.
num_inconsistent_stats: 0.

CodeHeap 'non-profiled nmethods': size=119168Kb used=2686Kb max_used=2686Kb free=116481Kb
 bounds [0x000001d2a4400000, 0x000001d2a46a0000, 0x000001d2ab860000]
CodeHeap 'profiled nmethods': size=119104Kb used=9961Kb max_used=9961Kb free=109143Kb
 bounds [0x000001d29c860000, 0x000001d29d220000, 0x000001d2a3cb0000]
CodeHeap 'non-nmethods': size=7488Kb used=2091Kb max_used=2663Kb free=5396Kb
 bounds [0x000001d2a3cb0000, 0x000001d2a3f60000, 0x000001d2a4400000]
CodeCache: size=245760Kb, used=14738Kb, max_used=15310Kb, free=231020Kb
 total_blobs=5372, nmethods=4754, adapters=521, full_count=0
Compilation: enabled, stopped_count=0, restarted_count=0

Compilation events (20 events):
Event: 7.102 Thread 0x000001d2b19c5e20 nmethod 4952 0x000001d29d20ad10 code [0x000001d29d20af00, 0x000001d29d20b350]
Event: 7.102 Thread 0x000001d2b19c5e20 4950       1       sun.security.ssl.SSLCipher::isAvailable (5 bytes)
Event: 7.102 Thread 0x000001d2b19c5e20 nmethod 4950 0x000001d2a469c690 code [0x000001d2a469c820, 0x000001d2a469c8f0]
Event: 7.102 Thread 0x000001d2b180b6f0 nmethod 4953 0x000001d29d20b510 code [0x000001d29d20b6c0, 0x000001d29d20b8a0]
Event: 7.102 Thread 0x000001d2b19c5e20 4954       3       java.util.RegularEnumSet::isEmpty (15 bytes)
Event: 7.102 Thread 0x000001d2b180b6f0 4955       3       sun.security.util.DisabledAlgorithmConstraints::permits (70 bytes)
Event: 7.103 Thread 0x000001d2b19c5e20 nmethod 4954 0x000001d29d20b990 code [0x000001d29d20bb20, 0x000001d29d20bc88]
Event: 7.103 Thread 0x000001d2b19c5e20 4956   !   3       sun.security.util.DisabledAlgorithmConstraints::cachedCheckAlgorithm (132 bytes)
Event: 7.103 Thread 0x000001d2b180b6f0 nmethod 4955 0x000001d29d20bd10 code [0x000001d29d20bf40, 0x000001d29d20c5a8]
Event: 7.103 Thread 0x000001d2b180b6f0 4957       3       java.util.EnumSet::of (16 bytes)
Event: 7.104 Thread 0x000001d2b19c5e20 nmethod 4956 0x000001d29d20c810 code [0x000001d29d20cac0, 0x000001d29d20daf8]
Event: 7.104 Thread 0x000001d2b180b6f0 nmethod 4957 0x000001d29d20e010 code [0x000001d29d20e200, 0x000001d29d20e4f0]
Event: 7.105 Thread 0x000001d2b19c5080 nmethod 4949 0x000001d29d20e690 code [0x000001d29d20ece0, 0x000001d29d212ae8]
Event: 7.105 Thread 0x000001d2b180b6f0 4958       3       java.security.Provider::getService (144 bytes)
Event: 7.105 Thread 0x000001d2b19c5e20 4959       3       java.security.Provider$ServiceKey::matches (22 bytes)
Event: 7.106 Thread 0x000001d2b19c5e20 nmethod 4959 0x000001d29d214090 code [0x000001d29d214240, 0x000001d29d2143d8]
Event: 7.106 Thread 0x000001d2b180b6f0 nmethod 4958 0x000001d29d214490 code [0x000001d29d214700, 0x000001d29d215320]
Event: 7.119 Thread 0x000001d2b180b6f0 4961   !   3       sun.security.jca.ProviderConfig::getProvider (322 bytes)
Event: 7.119 Thread 0x000001d2b19c5e20 4962       3       sun.security.jca.ProviderList::getProvider (22 bytes)
Event: 7.120 Thread 0x000001d2b19c5e20 nmethod 4962 0x000001d29d215710 code [0x000001d29d2158e0, 0x000001d29d215ad0]

GC Heap History (20 events):
Event: 3.012 GC heap before
{Heap before GC invocations=0 (full 0):
 garbage-first heap   total 126976K, used 24576K [0x0000000084800000, 0x0000000100000000)
  region size 1024K, 23 young (23552K), 0 survivors (0K)
 Metaspace       used 13037K, committed 13312K, reserved 1114112K
  class space    used 1325K, committed 1472K, reserved 1048576K
}
Event: 3.015 GC heap after
{Heap after GC invocations=1 (full 0):
 garbage-first heap   total 126976K, used 7514K [0x0000000084800000, 0x0000000100000000)
  region size 1024K, 3 young (3072K), 3 survivors (3072K)
 Metaspace       used 13037K, committed 13312K, reserved 1114112K
  class space    used 1325K, committed 1472K, reserved 1048576K
}
Event: 3.386 GC heap before
{Heap before GC invocations=1 (full 0):
 garbage-first heap   total 126976K, used 32090K [0x0000000084800000, 0x0000000100000000)
  region size 1024K, 29 young (29696K), 3 survivors (3072K)
 Metaspace       used 21153K, committed 21504K, reserved 1114112K
  class space    used 2370K, committed 2560K, reserved 1048576K
}
Event: 3.391 GC heap after
{Heap after GC invocations=2 (full 0):
 garbage-first heap   total 126976K, used 9811K [0x0000000084800000, 0x0000000100000000)
  region size 1024K, 3 young (3072K), 3 survivors (3072K)
 Metaspace       used 21153K, committed 21504K, reserved 1114112K
  class space    used 2370K, committed 2560K, reserved 1048576K
}
Event: 3.668 GC heap before
{Heap before GC invocations=3 (full 0):
 garbage-first heap   total 37888K, used 35411K [0x0000000084800000, 0x0000000100000000)
  region size 1024K, 29 young (29696K), 3 survivors (3072K)
 Metaspace       used 28012K, committed 28416K, reserved 1114112K
  class space    used 3219K, committed 3392K, reserved 1048576K
}
Event: 3.671 GC heap after
{Heap after GC invocations=4 (full 0):
 garbage-first heap   total 44032K, used 12843K [0x0000000084800000, 0x0000000100000000)
  region size 1024K, 6 young (6144K), 6 survivors (6144K)
 Metaspace       used 28012K, committed 28416K, reserved 1114112K
  class space    used 3219K, committed 3392K, reserved 1048576K
}
Event: 4.504 GC heap before
{Heap before GC invocations=4 (full 0):
 garbage-first heap   total 44032K, used 31275K [0x0000000084800000, 0x0000000100000000)
  region size 1024K, 24 young (24576K), 6 survivors (6144K)
 Metaspace       used 30135K, committed 30528K, reserved 1114112K
  class space    used 3461K, committed 3648K, reserved 1048576K
}
Event: 4.510 GC heap after
{Heap after GC invocations=5 (full 0):
 garbage-first heap   total 44032K, used 14252K [0x0000000084800000, 0x0000000100000000)
  region size 1024K, 2 young (2048K), 2 survivors (2048K)
 Metaspace       used 30135K, committed 30528K, reserved 1114112K
  class space    used 3461K, committed 3648K, reserved 1048576K
}
Event: 5.145 GC heap before
{Heap before GC invocations=5 (full 0):
 garbage-first heap   total 44032K, used 32684K [0x0000000084800000, 0x0000000100000000)
  region size 1024K, 20 young (20480K), 2 survivors (2048K)
 Metaspace       used 32303K, committed 32768K, reserved 1114112K
  class space    used 3743K, committed 3968K, reserved 1048576K
}
Event: 5.147 GC heap after
{Heap after GC invocations=6 (full 0):
 garbage-first heap   total 44032K, used 15541K [0x0000000084800000, 0x0000000100000000)
  region size 1024K, 3 young (3072K), 3 survivors (3072K)
 Metaspace       used 32303K, committed 32768K, reserved 1114112K
  class space    used 3743K, committed 3968K, reserved 1048576K
}
Event: 5.578 GC heap before
{Heap before GC invocations=6 (full 0):
 garbage-first heap   total 44032K, used 32949K [0x0000000084800000, 0x0000000100000000)
  region size 1024K, 22 young (22528K), 3 survivors (3072K)
 Metaspace       used 35559K, committed 35968K, reserved 1114112K
  class space    used 4182K, committed 4352K, reserved 1048576K
}
Event: 5.581 GC heap after
{Heap after GC invocations=7 (full 0):
 garbage-first heap   total 44032K, used 17125K [0x0000000084800000, 0x0000000100000000)
  region size 1024K, 3 young (3072K), 3 survivors (3072K)
 Metaspace       used 35559K, committed 35968K, reserved 1114112K
  class space    used 4182K, committed 4352K, reserved 1048576K
}
Event: 5.967 GC heap before
{Heap before GC invocations=8 (full 0):
 garbage-first heap   total 44032K, used 35557K [0x0000000084800000, 0x0000000100000000)
  region size 1024K, 22 young (22528K), 3 survivors (3072K)
 Metaspace       used 39484K, committed 40000K, reserved 1114112K
  class space    used 4726K, committed 4992K, reserved 1048576K
}
Event: 5.970 GC heap after
{Heap after GC invocations=9 (full 0):
 garbage-first heap   total 44032K, used 19272K [0x0000000084800000, 0x0000000100000000)
  region size 1024K, 3 young (3072K), 3 survivors (3072K)
 Metaspace       used 39484K, committed 40000K, reserved 1114112K
  class space    used 4726K, committed 4992K, reserved 1048576K
}
Event: 6.427 GC heap before
{Heap before GC invocations=9 (full 0):
 garbage-first heap   total 44032K, used 36680K [0x0000000084800000, 0x0000000100000000)
  region size 1024K, 20 young (20480K), 3 survivors (3072K)
 Metaspace       used 42976K, committed 43520K, reserved 1114112K
  class space    used 5209K, committed 5440K, reserved 1048576K
}
Event: 6.429 GC heap after
{Heap after GC invocations=10 (full 0):
 garbage-first heap   total 44032K, used 20553K [0x0000000084800000, 0x0000000100000000)
  region size 1024K, 2 young (2048K), 2 survivors (2048K)
 Metaspace       used 42976K, committed 43520K, reserved 1114112K
  class space    used 5209K, committed 5440K, reserved 1048576K
}
Event: 6.737 GC heap before
{Heap before GC invocations=10 (full 0):
 garbage-first heap   total 44032K, used 36937K [0x0000000084800000, 0x0000000100000000)
  region size 1024K, 19 young (19456K), 2 survivors (2048K)
 Metaspace       used 47037K, committed 47616K, reserved 1114112K
  class space    used 5979K, committed 6208K, reserved 1048576K
}
Event: 6.739 GC heap after
{Heap after GC invocations=11 (full 0):
 garbage-first heap   total 44032K, used 21885K [0x0000000084800000, 0x0000000100000000)
  region size 1024K, 3 young (3072K), 3 survivors (3072K)
 Metaspace       used 47037K, committed 47616K, reserved 1114112K
  class space    used 5979K, committed 6208K, reserved 1048576K
}
Event: 6.979 GC heap before
{Heap before GC invocations=11 (full 0):
 garbage-first heap   total 44032K, used 37245K [0x0000000084800000, 0x0000000100000000)
  region size 1024K, 19 young (19456K), 3 survivors (3072K)
 Metaspace       used 51482K, committed 52096K, reserved 1114112K
  class space    used 6627K, committed 6912K, reserved 1048576K
}
Event: 6.981 GC heap after
{Heap after GC invocations=12 (full 0):
 garbage-first heap   total 44032K, used 23334K [0x0000000084800000, 0x0000000100000000)
  region size 1024K, 3 young (3072K), 3 survivors (3072K)
 Metaspace       used 51482K, committed 52096K, reserved 1114112K
  class space    used 6627K, committed 6912K, reserved 1048576K
}

Dll operation events (10 events):
Event: 0.005 Loaded shared library C:\Users\Nicoj\.windsurf\extensions\redhat.java-1.50.0-win32-x64\jre\21.0.9-win32-x86_64\bin\java.dll
Event: 2.227 Loaded shared library C:\Users\Nicoj\.windsurf\extensions\redhat.java-1.50.0-win32-x64\jre\21.0.9-win32-x86_64\bin\zip.dll
Event: 2.524 Loaded shared library C:\Users\Nicoj\.windsurf\extensions\redhat.java-1.50.0-win32-x64\jre\21.0.9-win32-x86_64\bin\net.dll
Event: 2.525 Loaded shared library C:\Users\Nicoj\.windsurf\extensions\redhat.java-1.50.0-win32-x64\jre\21.0.9-win32-x86_64\bin\nio.dll
Event: 2.530 Loaded shared library C:\Users\Nicoj\.windsurf\extensions\redhat.java-1.50.0-win32-x64\jre\21.0.9-win32-x86_64\bin\zip.dll
Event: 2.667 Loaded shared library C:\Users\Nicoj\.windsurf\extensions\redhat.java-1.50.0-win32-x64\jre\21.0.9-win32-x86_64\bin\jimage.dll
Event: 2.958 Loaded shared library C:\Users\Nicoj\.windsurf\extensions\redhat.java-1.50.0-win32-x64\jre\21.0.9-win32-x86_64\bin\management.dll
Event: 2.965 Loaded shared library C:\Users\Nicoj\.windsurf\extensions\redhat.java-1.50.0-win32-x64\jre\21.0.9-win32-x86_64\bin\management_ext.dll
Event: 3.647 Loaded shared library C:\Users\Nicoj\.windsurf\extensions\redhat.java-1.50.0-win32-x64\jre\21.0.9-win32-x86_64\bin\sunmscapi.dll
Event: 7.003 Loaded shared library C:\Users\Nicoj\.windsurf\extensions\redhat.java-1.50.0-win32-x64\jre\21.0.9-win32-x86_64\bin\extnet.dll

Deoptimization events (20 events):
Event: 7.078 Thread 0x000001d2b1804c70 Uncommon trap: trap_request=0xffffff45 fr.pc=0x000001d2a44b9074 relative=0x00000000000001d4
Event: 7.078 Thread 0x000001d2b1804c70 Uncommon trap: reason=unstable_if action=reinterpret pc=0x000001d2a44b9074 method=java.lang.CharacterDataLatin1.equalsIgnoreCase(BB)Z @ 54 c2
Event: 7.079 Thread 0x000001d2b1804c70 DEOPT PACKING pc=0x000001d2a44b9074 sp=0x000000c99ccf9330
Event: 7.079 Thread 0x000001d2b1804c70 DEOPT UNPACKING pc=0x000001d2a3d043a2 sp=0x000000c99ccf9270 mode 2
Event: 7.079 Thread 0x000001d2b1804c70 Uncommon trap: trap_request=0xffffff45 fr.pc=0x000001d2a44b7334 relative=0x0000000000000094
Event: 7.079 Thread 0x000001d2b1804c70 Uncommon trap: reason=unstable_if action=reinterpret pc=0x000001d2a44b7334 method=java.lang.CharacterDataLatin1.equalsIgnoreCase(BB)Z @ 54 c2
Event: 7.079 Thread 0x000001d2b1804c70 DEOPT PACKING pc=0x000001d2a44b7334 sp=0x000000c99ccf9360
Event: 7.079 Thread 0x000001d2b1804c70 DEOPT UNPACKING pc=0x000001d2a3d043a2 sp=0x000000c99ccf92f0 mode 2
Event: 7.081 Thread 0x000001d2b1804c70 Uncommon trap: trap_request=0xffffffc6 fr.pc=0x000001d2a46763cc relative=0x000000000000384c
Event: 7.081 Thread 0x000001d2b1804c70 Uncommon trap: reason=bimorphic_or_optimized_type_check action=maybe_recompile pc=0x000001d2a46763cc method=java.net.URL.<init>(Ljava/net/URL;Ljava/lang/String;Ljava/net/URLStreamHandler;)V @ 504 c2
Event: 7.081 Thread 0x000001d2b1804c70 DEOPT PACKING pc=0x000001d2a46763cc sp=0x000000c99ccf9760
Event: 7.081 Thread 0x000001d2b1804c70 DEOPT UNPACKING pc=0x000001d2a3d043a2 sp=0x000000c99ccf9770 mode 2
Event: 7.081 Thread 0x000001d2b1804c70 Uncommon trap: trap_request=0xffffff45 fr.pc=0x000001d2a4543db0 relative=0x0000000000000b90
Event: 7.081 Thread 0x000001d2b1804c70 Uncommon trap: reason=unstable_if action=reinterpret pc=0x000001d2a4543db0 method=sun.net.util.IPAddressUtil.scan(Ljava/lang/String;JJ[C)I @ 14 c2
Event: 7.081 Thread 0x000001d2b1804c70 DEOPT PACKING pc=0x000001d2a4543db0 sp=0x000000c99ccf95c0
Event: 7.081 Thread 0x000001d2b1804c70 DEOPT UNPACKING pc=0x000001d2a3d043a2 sp=0x000000c99ccf9408 mode 2
Event: 7.119 Thread 0x000001d2b1804c70 Uncommon trap: trap_request=0xffffff45 fr.pc=0x000001d2a468bc80 relative=0x0000000000000860
Event: 7.119 Thread 0x000001d2b1804c70 Uncommon trap: reason=unstable_if action=reinterpret pc=0x000001d2a468bc80 method=java.util.HashMap.putVal(ILjava/lang/Object;Ljava/lang/Object;ZZ)Ljava/lang/Object; @ 162 c2
Event: 7.119 Thread 0x000001d2b1804c70 DEOPT PACKING pc=0x000001d2a468bc80 sp=0x000000c99ccfa840
Event: 7.119 Thread 0x000001d2b1804c70 DEOPT UNPACKING pc=0x000001d2a3d043a2 sp=0x000000c99ccfa7e0 mode 2

Classes loaded (20 events):
Event: 7.117 Loading class com/sun/crypto/provider/TlsMasterSecretGenerator done
Event: 7.117 Loading class sun/security/ssl/ClientAuthType
Event: 7.117 Loading class sun/security/ssl/ClientAuthType done
Event: 7.117 Loading class sun/security/ssl/SSLConfiguration$CustomizedClientSignatureSchemes
Event: 7.117 Loading class sun/security/ssl/SSLConfiguration$CustomizedClientSignatureSchemes done
Event: 7.117 Loading class sun/security/ssl/NamedGroup$SupportedGroups
Event: 7.117 Loading class sun/security/ssl/NamedGroup$SupportedGroups done
Event: 7.118 Loading class sun/security/ssl/PredefinedDHParameterSpecs
Event: 7.118 Loading class sun/security/ssl/PredefinedDHParameterSpecs done
Event: 7.118 Loading class sun/security/ssl/PredefinedDHParameterSpecs$1
Event: 7.118 Loading class sun/security/ssl/PredefinedDHParameterSpecs$1 done
Event: 7.119 Loading class sun/security/util/SafeDHParameterSpec
Event: 7.119 Loading class javax/crypto/spec/DHParameterSpec
Event: 7.119 Loading class javax/crypto/spec/DHParameterSpec done
Event: 7.119 Loading class sun/security/util/SafeDHParameterSpec done
Event: 7.119 Loading class com/sun/crypto/provider/DHParameters
Event: 7.119 Loading class com/sun/crypto/provider/DHParameters done
Event: 7.120 Loading class sun/security/ssl/SSLSessionImpl
Event: 7.121 Loading class javax/net/ssl/ExtendedSSLSession
Event: 7.121 Loading class javax/net/ssl/SSLSession

Classes unloaded (0 events):
No events

Classes redefined (0 events):
No events

Internal exceptions (20 events):
Event: 5.759 Thread 0x000001d2b1804c70 Exception <a 'java/lang/NoSuchMethodError'{0x0000000086be5c80}: 'int java.lang.invoke.DirectMethodHandle$Holder.invokeSpecial(java.lang.Object, java.lang.Object, int)'> (0x0000000086be5c80) 
thrown [s\src\hotspot\share\interpreter\linkResolver.cpp, line 773]
Event: 5.761 Thread 0x000001d2b1804c70 Exception <a 'java/lang/NoSuchMethodError'{0x0000000086bf4238}: 'void java.lang.invoke.DirectMethodHandle$Holder.invokeStatic(java.lang.Object, java.lang.Object, java.lang.Object, int, java.lang.Object)'> (0x0000000086bf4238) 
thrown [s\src\hotspot\share\interpreter\linkResolver.cpp, line 773]
Event: 5.761 Thread 0x000001d2b1804c70 Exception <a 'java/lang/NoSuchMethodError'{0x0000000086bfaa80}: 'java.lang.Object java.lang.invoke.DirectMethodHandle$Holder.newInvokeSpecial(java.lang.Object, java.lang.Object, java.lang.Object, int)'> (0x0000000086bfaa80) 
thrown [s\src\hotspot\share\interpreter\linkResolver.cpp, line 773]
Event: 5.762 Thread 0x000001d2b1804c70 Exception <a 'java/lang/NoSuchMethodError'{0x0000000086bfe8f0}: 'java.lang.Object java.lang.invoke.DirectMethodHandle$Holder.invokeSpecial(java.lang.Object, java.lang.Object, java.lang.Object, java.lang.Object, int)'> (0x0000000086bfe8f0) 
thrown [s\src\hotspot\share\interpreter\linkResolver.cpp, line 773]
Event: 5.762 Thread 0x000001d2b1804c70 Exception <a 'java/lang/NoSuchMethodError'{0x0000000086a02168}: 'java.lang.Object java.lang.invoke.Invokers$Holder.linkToTargetMethod(java.lang.Object, java.lang.Object, int, java.lang.Object)'> (0x0000000086a02168) 
thrown [s\src\hotspot\share\interpreter\linkResolver.cpp, line 773]
Event: 5.770 Thread 0x000001d2b1804c70 Exception <a 'java/lang/NoSuchMethodError'{0x0000000086a5a550}: 'void java.lang.invoke.DirectMethodHandle$Holder.invokeStatic(java.lang.Object, int, java.lang.Object)'> (0x0000000086a5a550) 
thrown [s\src\hotspot\share\interpreter\linkResolver.cpp, line 773]
Event: 5.797 Thread 0x000001d2b1804c70 Exception <a 'java/lang/NoSuchMethodError'{0x00000000869e0748}: 'java.lang.Object java.lang.invoke.DirectMethodHandle$Holder.invokeVirtual(java.lang.Object, java.lang.Object, java.lang.Object, java.lang.Object, java.lang.Object)'> (0x00000000869e0748) 
thrown [s\src\hotspot\share\interpreter\linkResolver.cpp, line 773]
Event: 5.831 Thread 0x000001d2b1804c70 Exception <a 'java/lang/NoSuchMethodError'{0x0000000086745ab8}: 'java.lang.Object java.lang.invoke.DirectMethodHandle$Holder.invokeStaticInit(java.lang.Object, int, int, int, int)'> (0x0000000086745ab8) 
thrown [s\src\hotspot\share\interpreter\linkResolver.cpp, line 773]
Event: 5.864 Thread 0x000001d2b1804c70 Exception <a 'java/lang/NoSuchMethodError'{0x000000008660c820}: 'java.lang.Object java.lang.invoke.DirectMethodHandle$Holder.invokeStaticInit(java.lang.Object, java.lang.Object, int, int, int, int)'> (0x000000008660c820) 
thrown [s\src\hotspot\share\interpreter\linkResolver.cpp, line 773]
Event: 5.979 Thread 0x000001d2b1804c70 Exception <a 'java/lang/NoSuchMethodError'{0x000000008c347bc8}: 'int java.lang.invoke.DirectMethodHandle$Holder.invokeVirtual(java.lang.Object, java.lang.Object, java.lang.Object, java.lang.Object)'> (0x000000008c347bc8) 
thrown [s\src\hotspot\share\interpreter\linkResolver.cpp, line 773]
Event: 5.979 Thread 0x000001d2b1804c70 Exception <a 'java/lang/NoSuchMethodError'{0x000000008c34b650}: 'int java.lang.invoke.DelegatingMethodHandle$Holder.reinvoke_L(java.lang.Object, java.lang.Object, java.lang.Object, java.lang.Object)'> (0x000000008c34b650) 
thrown [s\src\hotspot\share\interpreter\linkResolver.cpp, line 773]
Event: 6.003 Thread 0x000001d2b1804c70 Exception <a 'java/io/FileNotFoundException'{0x000000008a64b7f0}> (0x000000008a64b7f0) 
thrown [s\src\hotspot\share\prims\jni.cpp, line 520]
Event: 6.049 Thread 0x000001d2b1804c70 Exception <a 'java/lang/NoSuchMethodError'{0x000000008a4466b0}: 'int java.lang.invoke.DirectMethodHandle$Holder.invokeInterface(java.lang.Object, java.lang.Object, java.lang.Object, java.lang.Object)'> (0x000000008a4466b0) 
thrown [s\src\hotspot\share\interpreter\linkResolver.cpp, line 773]
Event: 6.103 Thread 0x000001d2b1804c70 Exception <a 'java/lang/NoSuchMethodError'{0x0000000086d91ea0}: 'long java.lang.invoke.DirectMethodHandle$Holder.invokeVirtual(java.lang.Object, java.lang.Object)'> (0x0000000086d91ea0) 
thrown [s\src\hotspot\share\interpreter\linkResolver.cpp, line 773]
Event: 6.107 Thread 0x000001d2b1804c70 Exception <a 'java/io/FileNotFoundException'{0x0000000086dbba50}> (0x0000000086dbba50) 
thrown [s\src\hotspot\share\prims\jni.cpp, line 520]
Event: 6.143 Thread 0x000001d2b1804c70 Exception <a 'java/lang/NoSuchMethodError'{0x0000000086cd3380}: 'void java.lang.invoke.DirectMethodHandle$Holder.invokeVirtual(java.lang.Object, java.lang.Object, long)'> (0x0000000086cd3380) 
thrown [s\src\hotspot\share\interpreter\linkResolver.cpp, line 773]
Event: 6.196 Thread 0x000001d2b1804c70 Exception <a 'java/lang/NoSuchMethodError'{0x0000000086960108}: 'java.lang.Object java.lang.invoke.DirectMethodHandle$Holder.newInvokeSpecial(java.lang.Object, java.lang.Object, java.lang.Object, java.lang.Object, java.lang.Object, java.lang.Object, java.lang.Object, java.lang.Object, java.lang.Object, java.lang.Object, java.lang.Object, java.lang.Object)'> (0x0000000086960108) 
thrown [s\src\hotspot\share\interpreter\linkResolver.cpp, line 773]
Event: 6.302 Thread 0x000001d2b1804c70 Exception <a 'java/lang/NoSuchMethodError'{0x00000000866c2888}: 'void java.lang.invoke.DelegatingMethodHandle$Holder.reinvoke_L(java.lang.Object, java.lang.Object, java.lang.Object, java.lang.Object, int, java.lang.Object, java.lang.Object, java.lang.Object)'> (0x00000000866c2888) 
thrown [s\src\hotspot\share\interpreter\linkResolver.cpp, line 773]
Event: 6.930 Thread 0x000001d2b1804c70 Implicit null exception at 0x000001d2a4557f37 to 0x000001d2a45586c0
Event: 7.074 Thread 0x000001d2b1804c70 Exception <a 'sun/nio/fs/WindowsException'{0x000000008a4ebef0}> (0x000000008a4ebef0) 
thrown [s\src\hotspot\share\prims\jni.cpp, line 520]

ZGC Phase Switch (0 events):
No events

VM Operations (20 events):
Event: 5.970 Executing VM operation: G1CollectForAllocation (G1 Evacuation Pause) done
Event: 6.028 Executing VM operation: HandshakeAllThreads (Deoptimize)
Event: 6.028 Executing VM operation: HandshakeAllThreads (Deoptimize) done
Event: 6.072 Executing VM operation: HandshakeAllThreads (Deoptimize)
Event: 6.073 Executing VM operation: HandshakeAllThreads (Deoptimize) done
Event: 6.111 Executing VM operation: HandshakeAllThreads (Deoptimize)
Event: 6.111 Executing VM operation: HandshakeAllThreads (Deoptimize) done
Event: 6.426 Executing VM operation: G1CollectForAllocation (G1 Evacuation Pause)
Event: 6.429 Executing VM operation: G1CollectForAllocation (G1 Evacuation Pause) done
Event: 6.737 Executing VM operation: G1CollectForAllocation (G1 Evacuation Pause)
Event: 6.739 Executing VM operation: G1CollectForAllocation (G1 Evacuation Pause) done
Event: 6.979 Executing VM operation: G1CollectForAllocation (G1 Evacuation Pause)
Event: 6.982 Executing VM operation: G1CollectForAllocation (G1 Evacuation Pause) done
Event: 7.037 Executing VM operation: HandshakeAllThreads (Deoptimize)
Event: 7.037 Executing VM operation: HandshakeAllThreads (Deoptimize) done
Event: 7.076 Executing VM operation: HandshakeAllThreads (Deoptimize)
Event: 7.076 Executing VM operation: HandshakeAllThreads (Deoptimize) done
Event: 7.081 Executing VM operation: HandshakeAllThreads (Deoptimize)
Event: 7.081 Executing VM operation: HandshakeAllThreads (Deoptimize) done
Event: 8.083 Executing VM operation: Cleanup

Memory protections (0 events):
No events

Nmethod flushes (20 events):
Event: 5.588 Thread 0x000001d2b17b08c0 flushing  nmethod 0x000001d29c8ba790
Event: 5.588 Thread 0x000001d2b17b08c0 flushing  nmethod 0x000001d29c8bb910
Event: 5.588 Thread 0x000001d2b17b08c0 flushing  nmethod 0x000001d29c8d5510
Event: 5.588 Thread 0x000001d2b17b08c0 flushing  nmethod 0x000001d29c8d5910
Event: 5.588 Thread 0x000001d2b17b08c0 flushing  nmethod 0x000001d29c8d6a10
Event: 5.588 Thread 0x000001d2b17b08c0 flushing  nmethod 0x000001d29c8d7090
Event: 5.588 Thread 0x000001d2b17b08c0 flushing  nmethod 0x000001d29c8d9b10
Event: 5.588 Thread 0x000001d2b17b08c0 flushing  nmethod 0x000001d29c8dae90
Event: 5.588 Thread 0x000001d2b17b08c0 flushing  nmethod 0x000001d29c8dc390
Event: 5.588 Thread 0x000001d2b17b08c0 flushing  nmethod 0x000001d29c8dca10
Event: 5.588 Thread 0x000001d2b17b08c0 flushing  nmethod 0x000001d29c907510
Event: 5.588 Thread 0x000001d2b17b08c0 flushing  nmethod 0x000001d29c909790
Event: 5.588 Thread 0x000001d2b17b08c0 flushing  nmethod 0x000001d29c90b510
Event: 5.588 Thread 0x000001d2b17b08c0 flushing  nmethod 0x000001d29c90b890
Event: 5.588 Thread 0x000001d2b17b08c0 flushing  nmethod 0x000001d29c91b690
Event: 5.588 Thread 0x000001d2b17b08c0 flushing  nmethod 0x000001d29ca59410
Event: 5.588 Thread 0x000001d2b17b08c0 flushing  nmethod 0x000001d29ca59d90
Event: 5.588 Thread 0x000001d2b17b08c0 flushing  nmethod 0x000001d29cae2010
Event: 5.588 Thread 0x000001d2b17b08c0 flushing  nmethod 0x000001d29cb07090
Event: 5.588 Thread 0x000001d2b17b08c0 flushing  nmethod 0x000001d29cb0bc10

Events (20 events):
Event: 2.279 Thread 0x000001d297200ad0 Thread added: 0x000001d2b1808a80
Event: 2.279 Thread 0x000001d297200ad0 Thread added: 0x000001d2b180b6f0
Event: 2.347 Thread 0x000001d2b180b6f0 Thread added: 0x000001d2b19c5080
Event: 2.347 Thread 0x000001d2b180b6f0 Thread added: 0x000001d2b19c5e20
Event: 2.356 Thread 0x000001d297200ad0 Thread added: 0x000001d2b1a32da0
Event: 2.356 Thread 0x000001d297200ad0 Thread added: 0x000001d2b1a50300
Event: 2.357 Thread 0x000001d2b1a32da0 Thread added: 0x000001d2b1a51730
Event: 2.510 Thread 0x000001d297200ad0 Thread added: 0x000001d2b1806020
Event: 2.514 Thread 0x000001d297200ad0 Thread added: 0x000001d2b1803230
Event: 3.000 Thread 0x000001d297200ad0 Thread added: 0x000001d2b18045e0
Event: 3.003 Thread 0x000001d2b18045e0 Thread added: 0x000001d2b1804c70
Event: 3.315 Thread 0x000001d2b1804c70 Thread added: 0x000001d2b6f9ed40
Event: 3.687 Thread 0x000001d2b6f9ed40 Thread exited: 0x000001d2b6f9ed40
Event: 3.699 Thread 0x000001d2b1804c70 Thread added: 0x000001d2b6f9c5e0
Event: 4.034 Thread 0x000001d2b6f9c5e0 Thread exited: 0x000001d2b6f9c5e0
Event: 6.115 Thread 0x000001d2b1804c70 Thread added: 0x000001d2b6f9f3d0
Event: 6.118 Thread 0x000001d2b6f9f3d0 Thread added: 0x000001d2b6f9e6b0
Event: 6.126 Thread 0x000001d2b1804c70 Thread added: 0x000001d2b6f9c5e0
Event: 6.165 Thread 0x000001d2b1804c70 Thread added: 0x000001d2b6fa00f0
Event: 6.392 Thread 0x000001d2b180b6f0 Thread added: 0x000001d2b19c3c10


Dynamic libraries:
0x00007ff734c80000 - 0x00007ff734c8e000 	C:\Users\Nicoj\.windsurf\extensions\redhat.java-1.50.0-win32-x64\jre\21.0.9-win32-x86_64\bin\java.exe
0x00007ff8df840000 - 0x00007ff8dfaa9000 	C:\WINDOWS\SYSTEM32\ntdll.dll
0x00007ff8de570000 - 0x00007ff8de639000 	C:\WINDOWS\System32\KERNEL32.DLL
0x00007ff8dcd20000 - 0x00007ff8dd113000 	C:\WINDOWS\System32\KERNELBASE.dll
0x00007ff8dd120000 - 0x00007ff8dd26b000 	C:\WINDOWS\System32\ucrtbase.dll
0x00007ff874650000 - 0x00007ff874668000 	C:\Users\Nicoj\.windsurf\extensions\redhat.java-1.50.0-win32-x64\jre\21.0.9-win32-x86_64\bin\jli.dll
0x00007ff874050000 - 0x00007ff87406e000 	C:\Users\Nicoj\.windsurf\extensions\redhat.java-1.50.0-win32-x64\jre\21.0.9-win32-x86_64\bin\VCRUNTIME140.dll
0x00007ff8ddd90000 - 0x00007ff8ddf54000 	C:\WINDOWS\System32\USER32.dll
0x00007ff8c22a0000 - 0x00007ff8c2533000 	C:\WINDOWS\WinSxS\amd64_microsoft.windows.common-controls_6595b64144ccf1df_6.0.26100.5074_none_3e0d6f78e32fd63f\COMCTL32.dll
0x00007ff8dd5e0000 - 0x00007ff8dd607000 	C:\WINDOWS\System32\win32u.dll
0x00007ff8df730000 - 0x00007ff8df75b000 	C:\WINDOWS\System32\GDI32.dll
0x00007ff8dee30000 - 0x00007ff8deed9000 	C:\WINDOWS\System32\msvcrt.dll
0x00007ff8dc9d0000 - 0x00007ff8dcafd000 	C:\WINDOWS\System32\gdi32full.dll
0x00007ff8dd270000 - 0x00007ff8dd313000 	C:\WINDOWS\System32\msvcp_win.dll
0x00007ff8ddd50000 - 0x00007ff8ddd7f000 	C:\WINDOWS\System32\IMM32.DLL
0x00007ff8d7150000 - 0x00007ff8d715c000 	C:\Users\Nicoj\.windsurf\extensions\redhat.java-1.50.0-win32-x64\jre\21.0.9-win32-x86_64\bin\vcruntime140_1.dll
0x00007ff855c70000 - 0x00007ff855cfd000 	C:\Users\Nicoj\.windsurf\extensions\redhat.java-1.50.0-win32-x64\jre\21.0.9-win32-x86_64\bin\msvcp140.dll
0x00007ff830450000 - 0x00007ff8311f0000 	C:\Users\Nicoj\.windsurf\extensions\redhat.java-1.50.0-win32-x64\jre\21.0.9-win32-x86_64\bin\server\jvm.dll
0x00007ff8df080000 - 0x00007ff8df134000 	C:\WINDOWS\System32\ADVAPI32.dll
0x00007ff8de080000 - 0x00007ff8de126000 	C:\WINDOWS\System32\sechost.dll
0x00007ff8deee0000 - 0x00007ff8deff8000 	C:\WINDOWS\System32\RPCRT4.dll
0x00007ff8df000000 - 0x00007ff8df074000 	C:\WINDOWS\System32\WS2_32.dll
0x00007ff8dc250000 - 0x00007ff8dc2ae000 	C:\WINDOWS\SYSTEM32\POWRPROF.dll
0x00007ff8d2760000 - 0x00007ff8d2795000 	C:\WINDOWS\SYSTEM32\WINMM.dll
0x00007ff8d5610000 - 0x00007ff8d561b000 	C:\WINDOWS\SYSTEM32\VERSION.dll
0x00007ff8dc1e0000 - 0x00007ff8dc1f4000 	C:\WINDOWS\SYSTEM32\UMPDC.dll
0x00007ff8db790000 - 0x00007ff8db7ab000 	C:\WINDOWS\SYSTEM32\kernel.appcore.dll
0x00007ff8c6410000 - 0x00007ff8c641a000 	C:\Users\Nicoj\.windsurf\extensions\redhat.java-1.50.0-win32-x64\jre\21.0.9-win32-x86_64\bin\jimage.dll
0x00007ff8da0b0000 - 0x00007ff8da2f2000 	C:\WINDOWS\SYSTEM32\DBGHELP.DLL
0x00007ff8df3b0000 - 0x00007ff8df72b000 	C:\WINDOWS\System32\combase.dll
0x00007ff8df2d0000 - 0x00007ff8df3a7000 	C:\WINDOWS\System32\OLEAUT32.dll
0x00007ff8bd6f0000 - 0x00007ff8bd72d000 	C:\WINDOWS\SYSTEM32\dbgcore.DLL
0x00007ff8dcc80000 - 0x00007ff8dcd19000 	C:\WINDOWS\System32\bcryptPrimitives.dll
0x00007ff898530000 - 0x00007ff89856c000 	C:\Users\Nicoj\.windsurf\extensions\redhat.java-1.50.0-win32-x64\jre\21.0.9-win32-x86_64\bin\jdwp.dll
0x00007ff86f050000 - 0x00007ff86f070000 	C:\Users\Nicoj\.windsurf\extensions\redhat.java-1.50.0-win32-x64\jre\21.0.9-win32-x86_64\bin\java.dll
0x00007ff86f030000 - 0x00007ff86f048000 	C:\Users\Nicoj\.windsurf\extensions\redhat.java-1.50.0-win32-x64\jre\21.0.9-win32-x86_64\bin\zip.dll
0x00007ff8de670000 - 0x00007ff8dedbd000 	C:\WINDOWS\System32\SHELL32.dll
0x00007ff8dd470000 - 0x00007ff8dd5dc000 	C:\WINDOWS\System32\wintypes.dll
0x00007ff8da610000 - 0x00007ff8dae69000 	C:\WINDOWS\SYSTEM32\windows.storage.dll
0x00007ff8ddc50000 - 0x00007ff8ddd40000 	C:\WINDOWS\System32\SHCORE.dll
0x00007ff8dedc0000 - 0x00007ff8dee22000 	C:\WINDOWS\System32\shlwapi.dll
0x00007ff8dc8f0000 - 0x00007ff8dc919000 	C:\WINDOWS\SYSTEM32\profapi.dll
0x00007ff8d7240000 - 0x00007ff8d724c000 	C:\Users\Nicoj\.windsurf\extensions\redhat.java-1.50.0-win32-x64\jre\21.0.9-win32-x86_64\bin\dt_socket.dll
0x00007ff8db1d0000 - 0x00007ff8db204000 	C:\WINDOWS\SYSTEM32\IPHLPAPI.DLL
0x00007ff8dbd30000 - 0x00007ff8dbd9b000 	C:\WINDOWS\system32\mswsock.dll
0x00007ff8db270000 - 0x00007ff8db396000 	C:\WINDOWS\SYSTEM32\DNSAPI.dll
0x00007ff8de480000 - 0x00007ff8de48a000 	C:\WINDOWS\System32\NSI.dll
0x00007ff8c4d00000 - 0x00007ff8c4d0b000 	C:\Windows\System32\rasadhlp.dll
0x00007ff8d4660000 - 0x00007ff8d46e6000 	C:\WINDOWS\System32\fwpuclnt.dll
0x00007ff88e420000 - 0x00007ff88e430000 	C:\Users\Nicoj\.windsurf\extensions\redhat.java-1.50.0-win32-x64\jre\21.0.9-win32-x86_64\bin\net.dll
0x00007ff8d54c0000 - 0x00007ff8d55df000 	C:\WINDOWS\SYSTEM32\WINHTTP.dll
0x00007ff86e800000 - 0x00007ff86e816000 	C:\Users\Nicoj\.windsurf\extensions\redhat.java-1.50.0-win32-x64\jre\21.0.9-win32-x86_64\bin\nio.dll
0x00007ff8d7230000 - 0x00007ff8d723a000 	C:\Users\Nicoj\.windsurf\extensions\redhat.java-1.50.0-win32-x64\jre\21.0.9-win32-x86_64\bin\management.dll
0x00007ff8c6540000 - 0x00007ff8c654c000 	C:\Users\Nicoj\.windsurf\extensions\redhat.java-1.50.0-win32-x64\jre\21.0.9-win32-x86_64\bin\management_ext.dll
0x00007ff8dd610000 - 0x00007ff8dd618000 	C:\WINDOWS\System32\PSAPI.DLL
0x00007ff8c6490000 - 0x00007ff8c649e000 	C:\Users\Nicoj\.windsurf\extensions\redhat.java-1.50.0-win32-x64\jre\21.0.9-win32-x86_64\bin\sunmscapi.dll
0x00007ff8dcb00000 - 0x00007ff8dcc77000 	C:\WINDOWS\System32\CRYPT32.dll
0x00007ff8dc310000 - 0x00007ff8dc340000 	C:\WINDOWS\SYSTEM32\ncrypt.dll
0x00007ff8dc2c0000 - 0x00007ff8dc2ff000 	C:\WINDOWS\SYSTEM32\NTASN1.dll
0x00007ff8dc050000 - 0x00007ff8dc06b000 	C:\WINDOWS\SYSTEM32\CRYPTSP.dll
0x00007ff8db6f0000 - 0x00007ff8db72b000 	C:\WINDOWS\system32\rsaenh.dll
0x00007ff8dbdd0000 - 0x00007ff8dbdfb000 	C:\WINDOWS\SYSTEM32\USERENV.dll
0x00007ff8dc8c0000 - 0x00007ff8dc8e6000 	C:\WINDOWS\SYSTEM32\bcrypt.dll
0x00007ff8dc040000 - 0x00007ff8dc04c000 	C:\WINDOWS\SYSTEM32\CRYPTBASE.dll
0x00007ff8c6480000 - 0x00007ff8c6489000 	C:\Users\Nicoj\.windsurf\extensions\redhat.java-1.50.0-win32-x64\jre\21.0.9-win32-x86_64\bin\extnet.dll

JVMTI agents:
jdwp path:C:\Users\Nicoj\.windsurf\extensions\redhat.java-1.50.0-win32-x64\jre\21.0.9-win32-x86_64\bin\jdwp.dll, loaded, initialized, options:transport=dt_socket,server=n,suspend=y,address=localhost:63006

dbghelp: loaded successfully - version: 4.0.5 - missing functions: none
symbol engine: initialized successfully - sym options: 0x614 - pdb path: .;C:\Users\Nicoj\.windsurf\extensions\redhat.java-1.50.0-win32-x64\jre\21.0.9-win32-x86_64\bin;C:\WINDOWS\SYSTEM32;C:\WINDOWS\WinSxS\amd64_microsoft.windows.common-controls_6595b64144ccf1df_6.0.26100.5074_none_3e0d6f78e32fd63f;C:\Users\Nicoj\.windsurf\extensions\redhat.java-1.50.0-win32-x64\jre\21.0.9-win32-x86_64\bin\server

VM Arguments:
jvm_args: -agentlib:jdwp=transport=dt_socket,server=n,suspend=y,address=localhost:63006 -XX:+ShowCodeDetailsInExceptionMessages 
java_command: com.appdevg4.CitMedConnect.CitMedConnectApplication
java_class_path (initial): C:\Users\Nicoj\OneDrive\Desktop\CitMedConnect\CitMedConnect\target\classes;C:\Users\Nicoj\.m2\repository\org\springframework\boot\spring-boot-starter-data-jpa\4.0.0\spring-boot-starter-data-jpa-4.0.0.jar;C:\Users\Nicoj\.m2\repository\org\springframework\boot\spring-boot-starter\4.0.0\spring-boot-starter-4.0.0.jar;C:\Users\Nicoj\.m2\repository\org\springframework\boot\spring-boot-starter-logging\4.0.0\spring-boot-starter-logging-4.0.0.jar;C:\Users\Nicoj\.m2\repository\ch\qos\logback\logback-classic\1.5.21\logback-classic-1.5.21.jar;C:\Users\Nicoj\.m2\repository\ch\qos\logback\logback-core\1.5.21\logback-core-1.5.21.jar;C:\Users\Nicoj\.m2\repository\org\apache\logging\log4j\log4j-to-slf4j\2.25.2\log4j-to-slf4j-2.25.2.jar;C:\Users\Nicoj\.m2\repository\org\apache\logging\log4j\log4j-api\2.25.2\log4j-api-2.25.2.jar;C:\Users\Nicoj\.m2\repository\org\slf4j\jul-to-slf4j\2.0.17\jul-to-slf4j-2.0.17.jar;C:\Users\Nicoj\.m2\repository\jakarta\annotation\jakarta.annotation-api\3.0.0\jakarta.annotation-api-3.0.0.jar;C:\Users\Nicoj\.m2\repository\org\yaml\snakeyaml\2.5\snakeyaml-2.5.jar;C:\Users\Nicoj\.m2\repository\org\springframework\boot\spring-boot-starter-jdbc\4.0.0\spring-boot-starter-jdbc-4.0.0.jar;C:\Users\Nicoj\.m2\repository\com\zaxxer\HikariCP\7.0.2\HikariCP-7.0.2.jar;C:\Users\Nicoj\.m2\repository\org\slf4j\slf4j-api\2.0.17\slf4j-api-2.0.17.jar;C:\Users\Nicoj\.m2\repository\org\springframework\boot\spring-boot-data-jpa\4.0.0\spring-boot-data-jpa-4.0.0.jar;C:\Users\Nicoj\.m2\repository\org\springframework\boot\spring-boot-data-commons\4.0.0\spring-boot-data-commons-4.0.0.jar;C:\Users\Nicoj\.m2\repository\org\springframework\boot\spring-boot-persistence\4.0.0\spring-boot-persistence-4.0.0.jar;C:\Users\Nicoj\.m2\repository\org\springframework\data\spring-data-commons\4.0.0\spring-data-commons-4.0.0.jar;C:\Users\Nicoj\.m2\repository\org\springframework\boot\spring-boot-hibernate\4.0.0\spring-boot-hibernate-4.0.0.jar;C:\Users\Nicoj\.m2\repository\org\springframework\boot\spring-boot-jpa\4.0.0\spring-boot-jpa-4.0.0.jar;C:\Users\Nicoj\.m2\repository\jakarta\persistence\jakarta.persistence-api\3.2.0\jakarta.persistence-api-3.2.0.jar;C:\Users\Nicoj\.m2\repository\org\hibernate\orm\hibernate-core\7.1.8.Final\hibernate-core-7.1.8.Final.jar;C:\Users\Nicoj\.m2\repository\jakarta\transaction\jakarta.transaction-api\2.0.1\jakarta.transaction-api-2.0.1.jar;C:\Users\Nicoj\.m2\repository\org\jboss\logging\jboss-logging\3.6.1.Final\jboss-logging-3.6.1.Final.jar;C:\Users\Nicoj\.m2\repository\org\hibernate\models\hibernate-models\1.0.1\hibernate-models-1.0.1.jar;C:\Users\Nicoj\.m2\repository\com\fasterxml\classmate\1.7.1\classmate-1.7.1.jar;C:\Users\Nicoj\.m2\repository\org\glassfish\jaxb\jaxb-runtime\4.0.6\jaxb-runtime-4.0.6.jar;C:\Users\Nicoj\.m2\repository\org\glassfish\jaxb\jaxb-core\4.0.6\jaxb-core-4.0.6.jar;C:\Users\Nicoj\.m2\repository\org\eclipse\angus\angus-activation\2.0.3\angus-activation-2.0.3.jar;C:\Users\Nicoj\.m2\repository\org\glassfish\jaxb\txw2\4.0.6\txw2-4.0.6.jar;C:\Users\Nicoj\.m2\repository\com\sun\istack\istack-commons-runtime\4.1.2\istack-commons-runtime-4.1.2.jar;C:\Users\Nicoj\.m2\repository\jakarta\inject\jakarta.inject-api\2.0.1\jakarta.inject-api-2.0.1.jar;C:\Users\Nicoj\.m2\repository\org\springframework\spring-orm\7.0.1\spring-orm-7.0.1.jar;C:\Users\Nicoj\.m2\repository\org\springframework\data\spring-data-jpa\4.0.0\spring-data-jpa-4.0.0.jar;C:\Users\Nicoj\.m2\repository\org\springframework\spring-tx\7.0.1\spring-tx-7.0.1.jar;C:\Users\Nicoj\.m2\repository\org\antlr\antlr4-runtime\4.13.2\antlr4-runtime-4.13.2.jar;C:\Users\Nicoj\.m2\repository\org\springframework\spring-aspects\7.0.1\spring-aspects-7.0.1.jar;C:\Users\Nicoj\.m2\repository\org\aspectj\aspectjweaver\1.9.25\aspectjweaver-1.9.25.jar;C:\Users\Nicoj\.m2\repository\org\springframework\boot\spring-boot-jdbc\4.0.0\spring-boot-jdbc-4.0.0.jar;C:\Users\Nicoj\.m2\repository\org\springframework\boot\spring-boot-sql\4.0.0\spring-boot-sql-4.0.0.jar;C:\Users\Nicoj\.m2\repository\org\springframework\boot\spring-boot-transaction\4.0.0\spring-boot-transaction-4.0.0.jar;C:\Users\Nicoj\.m2\repository\org\springframework\spring-jdbc\7.0.1\spring-jdbc-7.0.1.jar;C:\Users\Nicoj\.m2\repository\org\springframework\boot\spring-boot-starter-security\4.0.0\spring-boot-starter-security-4.0.0.jar;C:\Users\Nicoj\.m2\repository\org\springframework\boot\spring-boot-security\4.0.0\spring-boot-security-4.0.0.jar;C:\Users\Nicoj\.m2\repository\org\springframework\security\spring-security-config\7.0.0\spring-security-config-7.0.0.jar;C:\Users\Nicoj\.m2\repository\org\springframework\security\spring-security-core\7.0.0\spring-security-core-7.0.0.jar;C:\Users\Nicoj\.m2\repository\org\springframework\security\spring-security-crypto\7.0.0\spring-security-crypto-7.0.0.jar;C:\Users\Nicoj\.m2\repository\org\springframework\security\spring-security-web\7.0.0\spring-security-web-7.0.0.jar;C:\Users\Nicoj\.m2\repository\org\springframework\spring-expression\7.0.1\spring-expression-7.0.1.jar;C:\Users\Nicoj\.m2\repository\org\springframework\spring-aop\7.0.1\spring-aop-7.0.1.jar;C:\Users\Nicoj\.m2\repository\org\springframework\spring-beans\7.0.1\spring-beans-7.0.1.jar;C:\Users\Nicoj\.m2\repository\org\springframework\spring-core\7.0.1\spring-core-7.0.1.jar;C:\Users\Nicoj\.m2\repository\commons-logging\commons-logging\1.3.5\commons-logging-1.3.5.jar;C:\Users\Nicoj\.m2\repository\org\jspecify\jspecify\1.0.0\jspecify-1.0.0.jar;C:\Users\Nicoj\.m2\repository\org\springframework\boot\spring-boot-starter-webmvc\4.0.0\spring-boot-starter-webmvc-4.0.0.jar;C:\Users\Nicoj\.m2\repository\org\springframework\boot\spring-boot-starter-jackson\4.0.0\spring-boot-starter-jackson-4.0.0.jar;C:\Users\Nicoj\.m2\repository\org\springframework\boot\spring-boot-jackson\4.0.0\spring-boot-jackson-4.0.0.jar;C:\Users\Nicoj\.m2\repository\tools\jackson\core\jackson-databind\3.0.2\jackson-databind-3.0.2.jar;C:\Users\Nicoj\.m2\repository\com\fasterxml\jackson\core\jackson-annotations\2.20\jackson-annotations-2.20.jar;C:\Users\Nicoj\.m2\repository\tools\jackson\core\jackson-core\3.0.2\jackson-core-3.0.2.jar;C:\Users\Nicoj\.m2\repository\org\springframework\boot\spring-boot-starter-tomcat\4.0.0\spring-boot-starter-tomcat-4.0.0.jar;C:\Users\Nicoj\.m2\repository\org\springframework\boot\spring-boot-starter-tomcat-runtime\4.0.0\spring-boot-starter-tomcat-runtime-4.0.0.jar;C:\Users\Nicoj\.m2\repository\org\apache\tomcat\embed\tomcat-embed-core\11.0.14\tomcat-embed-core-11.0.14.jar;C:\Users\Nicoj\.m2\repository\org\apache\tomcat\embed\tomcat-embed-el\11.0.14\tomcat-embed-el-11.0.14.jar;C:\Users\Nicoj\.m2\repository\org\apache\tomcat\embed\tomcat-embed-websocket\11.0.14\tomcat-embed-websocket-11.0.14.jar;C:\Users\Nicoj\.m2\repository\org\springframework\boot\spring-boot-tomcat\4.0.0\spring-boot-tomcat-4.0.0.jar;C:\Users\Nicoj\.m2\repository\org\springframework\boot\spring-boot-http-converter\4.0.0\spring-boot-http-converter-4.0.0.jar;C:\Users\Nicoj\.m2\repository\org\springframework\spring-web\7.0.1\spring-web-7.0.1.jar;C:\Users\Nicoj\.m2\repository\io\micrometer\micrometer-observation\1.16.0\micrometer-observation-1.16.0.jar;C:\Users\Nicoj\.m2\repository\io\micrometer\micrometer-commons\1.16.0\micrometer-commons-1.16.0.jar;C:\Users\Nicoj\.m2\repository\org\springframework\boot\spring-boot-webmvc\4.0.0\spring-boot-webmvc-4.0.0.jar;C:\Users\Nicoj\.m2\repository\org\springframework\boot\spring-boot-servlet\4.0.0\spring-boot-servlet-4.0.0.jar;C:\Users\Nicoj\.m2\repository\org\springframework\spring-webmvc\7.0.1\spring-webmvc-7.0.1.jar;C:\Users\Nicoj\.m2\repository\org\springframework\boot\spring-boot-devtools\4.0.0\spring-boot-devtools-4.0.0.jar;C:\Users\Nicoj\.m2\repository\org\springframework\boot\spring-boot\4.0.0\spring-boot-4.0.0.jar;C:\Users\Nicoj\.m2\repository\org\springframework\spring-context\7.0.1\spring-context-7.0.1.jar;C:\Users\Nicoj\.m2\repository\org\springframework\boot\spring-boot-autoconfigure\4.0.0\spring-boot-autoconfigure-4.0.0.jar;C:\Users\Nicoj\.m2\repository\com\mysql\mysql-connector-j\9.5.0\mysql-connector-j-9.5.0.jar;C:\Users\Nicoj\.m2\repository\org\projectlombok\lombok\1.18.42\lombok-1.18.42.jar;C:\Users\Nicoj\.m2\repository\jakarta\xml\bind\jakarta.xml.bind-api\4.0.4\jakarta.xml.bind-api-4.0.4.jar;C:\Users\Nicoj\.m2\repository\jakarta\activation\jakarta.activation-api\2.1.4\jakarta.activation-api-2.1.4.jar;C:\Users\Nicoj\.m2\repository\net\bytebuddy\byte-buddy\1.17.8\byte-buddy-1.17.8.jar;C:\Users\Nicoj\.m2\repository\org\springframework\boot\spring-boot-web-server\4.0.0\spring-boot-web-server-4.0.0.jar
Launcher Type: SUN_STANDARD

[Global flags]
     intx CICompilerCount                          = 12                                        {product} {ergonomic}
     uint ConcGCThreads                            = 3                                         {product} {ergonomic}
     uint G1ConcRefinementThreads                  = 13                                        {product} {ergonomic}
   size_t G1HeapRegionSize                         = 1048576                                   {product} {ergonomic}
    uintx GCDrainStackTargetSize                   = 64                                        {product} {ergonomic}
   size_t InitialHeapSize                          = 130023424                                 {product} {ergonomic}
   size_t MarkStackSize                            = 4194304                                   {product} {ergonomic}
   size_t MaxHeapSize                              = 2071986176                                {product} {ergonomic}
   size_t MaxNewSize                               = 1242562560                                {product} {ergonomic}
   size_t MinHeapDeltaBytes                        = 1048576                                   {product} {ergonomic}
   size_t MinHeapSize                              = 8388608                                   {product} {ergonomic}
    uintx NonNMethodCodeHeapSize                   = 7602480                                {pd product} {ergonomic}
    uintx NonProfiledCodeHeapSize                  = 122027880                              {pd product} {ergonomic}
    uintx ProfiledCodeHeapSize                     = 122027880                              {pd product} {ergonomic}
    uintx ReservedCodeCacheSize                    = 251658240                              {pd product} {ergonomic}
     bool SegmentedCodeCache                       = true                                      {product} {ergonomic}
     bool ShowCodeDetailsInExceptionMessages       = true                                   {manageable} {command line}
   size_t SoftMaxHeapSize                          = 2071986176                             {manageable} {ergonomic}
     bool UseCompressedOops                        = true                           {product lp64_product} {ergonomic}
     bool UseG1GC                                  = true                                      {product} {ergonomic}
     bool UseLargePagesIndividualAllocation        = false                                  {pd product} {ergonomic}

Logging:
Log output configuration:
 #0: stdout all=warning uptime,level,tags foldmultilines=false
 #1: stderr all=off uptime,level,tags foldmultilines=false

Release file:
JAVA_VERSION="21.0.9" 
MODULES="java.base java.compiler java.datatransfer java.xml java.prefs java.desktop java.instrument java.logging java.management java.security.sasl java.naming java.rmi java.management.rmi java.net.http java.scripting java.security.jgss java.transaction.xa java.sql java.sql.rowset java.xml.crypto java.se java.smartcardio jdk.accessibility jdk.internal.jvmstat jdk.attach jdk.charsets jdk.internal.opt jdk.zipfs jdk.compiler jdk.crypto.ec jdk.crypto.cryptoki jdk.crypto.mscapi jdk.dynalink jdk.internal.ed jdk.editpad jdk.hotspot.agent jdk.httpserver jdk.internal.le jdk.internal.vm.ci jdk.internal.vm.compiler jdk.internal.vm.compiler.management jdk.jartool jdk.javadoc jdk.jcmd jdk.management jdk.management.agent jdk.jconsole jdk.jdeps jdk.jdwp.agent jdk.jdi jdk.jfr jdk.jshell jdk.jsobject jdk.jstatd jdk.localedata jdk.management.jfr jdk.naming.dns jdk.naming.rmi jdk.net jdk.nio.mapmode jdk.random jdk.sctp jdk.security.auth jdk.security.jgss jdk.unsupported jdk.unsupported.desktop jdk.xml.dom" 

Environment Variables:
PATH=C:\Python313\Scripts\;C:\Python313\;C:\Program Files\Common Files\Oracle\Java\javapath;C:\Program Files (x86)\Common Files\Oracle\Java\java8path;C:\Program Files (x86)\Common Files\Oracle\Java\javapath;C:\Program Files (x86)\NVIDIA Corporation\PhysX\Common;C:\Program Files\NVIDIA Corporation\NVIDIA NvDLISR;C:\WINDOWS\system32;C:\WINDOWS;C:\WINDOWS\System32\Wbem;C:\WINDOWS\System32\WindowsPowerShell\v1.0\;C:\WINDOWS\System32\OpenSSH\;C:\Program Files\nodejs\;C:\ProgramData\chocolatey\bin;C:\Program Files\Git\cmd;C:\Users\Nicoj\AppData\Local\Microsoft\WindowsApps;C:\Users\Nicoj\AppData\Local\Programs\Microsoft VS Code\bin;C:\Users\Nicoj\AppData\Local\Programs\Windsurf\bin;C:\Users\Nicoj\AppData\Roaming\npm;C:\Users\Nicoj\AppData\Local\GitHubDesktop\bin;c:\Users\Nicoj\.windsurf\extensions\vscjava.vscode-java-debug-0.58.3-universal\bundled\scripts\noConfigScripts
USERNAME=Nicoj
LANG=en_US.UTF-8
OS=Windows_NT
PROCESSOR_IDENTIFIER=Intel64 Family 6 Model 154 Stepping 3, GenuineIntel
TMP=C:\Users\Nicoj\AppData\Local\Temp
TEMP=C:\Users\Nicoj\AppData\Local\Temp




Periodic native trim disabled

---------------  S Y S T E M  ---------------

OS:
 Windows 11 , 64 bit Build 26100 (10.0.26100.5074)
OS uptime: 0 days 15:03 hours
Hyper-V role detected

CPU: total 16 (initial active 16) (8 cores per cpu, 2 threads per core) family 6 model 154 stepping 3 microcode 0x423, cx8, cmov, fxsr, ht, mmx, 3dnowpref, sse, sse2, sse3, ssse3, sse4.1, sse4.2, popcnt, lzcnt, tsc, tscinvbit, avx, avx2, aes, erms, clmul, bmi1, bmi2, adx, sha, fma, vzeroupper, clflush, clflushopt, clwb, hv, serialize, rdtscp, rdpid, fsrm, f16c, cet_ibt, cet_ss
Processor Information for processor 0
  Max Mhz: 3100, Current Mhz: 3100, Mhz Limit: 3100
Processor Information for processor 1
  Max Mhz: 3100, Current Mhz: 3100, Mhz Limit: 3100
Processor Information for processor 2
  Max Mhz: 3100, Current Mhz: 3100, Mhz Limit: 3100
Processor Information for processor 3
  Max Mhz: 3100, Current Mhz: 3100, Mhz Limit: 3100
Processor Information for processor 4
  Max Mhz: 3100, Current Mhz: 3100, Mhz Limit: 3100
Processor Information for processor 5
  Max Mhz: 3100, Current Mhz: 3100, Mhz Limit: 3100
Processor Information for processor 6
  Max Mhz: 3100, Current Mhz: 3100, Mhz Limit: 3100
Processor Information for processor 7
  Max Mhz: 3100, Current Mhz: 3100, Mhz Limit: 3100
Processor Information for processor 8
  Max Mhz: 3100, Current Mhz: 2232, Mhz Limit: 2232
Processor Information for processor 9
  Max Mhz: 3100, Current Mhz: 2232, Mhz Limit: 2232
Processor Information for processor 10
  Max Mhz: 3100, Current Mhz: 2232, Mhz Limit: 2232
Processor Information for processor 11
  Max Mhz: 3100, Current Mhz: 2232, Mhz Limit: 2232
Processor Information for processor 12
  Max Mhz: 3100, Current Mhz: 2232, Mhz Limit: 2232
Processor Information for processor 13
  Max Mhz: 3100, Current Mhz: 2232, Mhz Limit: 2232
Processor Information for processor 14
  Max Mhz: 3100, Current Mhz: 2232, Mhz Limit: 2232
Processor Information for processor 15
  Max Mhz: 3100, Current Mhz: 2232, Mhz Limit: 2232

Memory: 4k page, system-wide physical 7896M (366M free)
TotalPageFile size 24280M (AvailPageFile size 13M)
current process WorkingSet (physical memory assigned to process): 204M, peak: 219M
current process commit charge ("private bytes"): 245M, peak: 261M

vm_info: OpenJDK 64-Bit Server VM (21.0.9+10-LTS) for windows-amd64 JRE (21.0.9+10-LTS), built on 2025-10-21T00:00:00Z by "admin" with unknown MS VC++:1942

END.
