#
# There is insufficient memory for the Java Runtime Environment to continue.
# Native memory allocation (malloc) failed to allocate 1540544 bytes. Error detail: Chunk::new
# Possible reasons:
#   The system is out of physical RAM or swap space
#   This process is running with CompressedOops enabled, and the Java Heap may be blocking the growth of the native heap
# Possible solutions:
#   Reduce memory load on the system
#   Increase physical memory or swap space
#   Check if swap backing store is full
#   Decrease Java heap size (-Xmx/-Xms)
#   Decrease number of Java threads
#   Decrease Java thread stack sizes (-Xss)
#   Set larger code cache with -XX:ReservedCodeCacheSize=
#   JVM is running with Unscaled Compressed Oops mode in which the Java heap is
#     placed in the first 4GB address space. The Java Heap base address is the
#     maximum limit for the native heap growth. Please use -XX:HeapBaseMinAddress
#     to set the Java Heap base and to place the Java Heap above 4GB virtual address.
# This output file may be truncated or incomplete.
#
#  Out of Memory Error (arena.cpp:168), pid=3980, tid=25928
#
# JRE version: OpenJDK Runtime Environment Temurin-21.0.9+10 (21.0.9+10) (build 21.0.9+10-LTS)
# Java VM: OpenJDK 64-Bit Server VM Temurin-21.0.9+10 (21.0.9+10-LTS, mixed mode, sharing, tiered, compressed oops, compressed class ptrs, g1 gc, windows-amd64)
# No core dump will be written. Minidumps are not enabled by default on client versions of Windows
#

---------------  S U M M A R Y ------------

Command Line: -agentlib:jdwp=transport=dt_socket,server=n,suspend=y,address=localhost:65236 -XX:+ShowCodeDetailsInExceptionMessages com.appdevg4.CitMedConnect.CitMedConnectApplication

Host: 12th Gen Intel(R) Core(TM) i5-12500H, 16 cores, 7G,  Windows 11 , 64 bit Build 26100 (10.0.26100.5074)
Time: Sat Nov 29 13:19:05 2025 Malay Peninsula Standard Time elapsed time: 7.346277 seconds (0d 0h 0m 7s)

---------------  T H R E A D  ---------------

Current thread (0x000001731612a8d0):  JavaThread "C2 CompilerThread1" daemon [_thread_in_native, id=25928, stack(0x00000019c0e00000,0x00000019c0f00000) (1024K)]


Current CompileTask:
C2:7346 7082 % !   4       org.springframework.beans.factory.support.DefaultListableBeanFactory::doGetBeanNamesForType @ 20 (527 bytes)

Stack: [0x00000019c0e00000,0x00000019c0f00000]
Native frames: (J=compiled Java code, j=interpreted, Vv=VM code, C=native code)
V  [jvm.dll+0x6d6e29]
V  [jvm.dll+0x8b4b76]
V  [jvm.dll+0x8b712e]
V  [jvm.dll+0x8b7813]
V  [jvm.dll+0x283d86]
V  [jvm.dll+0xc66ed]
V  [jvm.dll+0xc6c31]
V  [jvm.dll+0x3be53b]
V  [jvm.dll+0x1e3b52]
V  [jvm.dll+0x24c0f3]
V  [jvm.dll+0x24b580]
V  [jvm.dll+0x1cb13e]
V  [jvm.dll+0x25b29d]
V  [jvm.dll+0x25982a]
V  [jvm.dll+0x3f7ea6]
V  [jvm.dll+0x85e9ad]
V  [jvm.dll+0x6d565d]
C  [ucrtbase.dll+0x37b0]
C  [KERNEL32.DLL+0x2e8d7]
C  [ntdll.dll+0x8d9c]


---------------  P R O C E S S  ---------------

Threads class SMR info:
_java_thread_list=0x0000017316d8f130, length=24, elements={
0x000001737d951430, 0x000001737f086f70, 0x000001737f07aca0, 0x00000173160380b0,
0x0000017316038aa0, 0x000001737f089f40, 0x000001737f08b980, 0x000001737f08e230,
0x000001731604b3a0, 0x0000017316128d90, 0x0000017316219dc0, 0x000001731621c450,
0x000001731621cce0, 0x000001737f08c010, 0x000001737f08cd30, 0x000001737f08d3c0,
0x000001737f08a5d0, 0x000001731612a8d0, 0x000001737f08ac60, 0x000001735ed94750,
0x000001735ed94de0, 0x000001735ed96eb0, 0x000001735ed96190, 0x000001735ed95470
}

Java Threads: ( => current thread )
  0x000001737d951430 JavaThread "main"                              [_thread_blocked, id=5720, stack(0x00000019bee00000,0x00000019bef00000) (1024K)]
  0x000001737f086f70 JavaThread "Reference Handler"          daemon [_thread_blocked, id=18428, stack(0x00000019bf600000,0x00000019bf700000) (1024K)]
  0x000001737f07aca0 JavaThread "Finalizer"                  daemon [_thread_blocked, id=19212, stack(0x00000019bf700000,0x00000019bf800000) (1024K)]
  0x00000173160380b0 JavaThread "Signal Dispatcher"          daemon [_thread_blocked, id=11332, stack(0x00000019bf800000,0x00000019bf900000) (1024K)]
  0x0000017316038aa0 JavaThread "Attach Listener"            daemon [_thread_blocked, id=10964, stack(0x00000019bf900000,0x00000019bfa00000) (1024K)]
  0x000001737f089f40 JavaThread "Service Thread"             daemon [_thread_blocked, id=23188, stack(0x00000019bfa00000,0x00000019bfb00000) (1024K)]
  0x000001737f08b980 JavaThread "Monitor Deflation Thread"   daemon [_thread_blocked, id=2568, stack(0x00000019bfb00000,0x00000019bfc00000) (1024K)]
  0x000001737f08e230 JavaThread "C2 CompilerThread0"         daemon [_thread_in_native, id=13268, stack(0x00000019bfc00000,0x00000019bfd00000) (1024K)]
  0x000001731604b3a0 JavaThread "C1 CompilerThread0"         daemon [_thread_blocked, id=11524, stack(0x00000019bfd00000,0x00000019bfe00000) (1024K)]
  0x0000017316128d90 JavaThread "C1 CompilerThread1"         daemon [_thread_blocked, id=24228, stack(0x00000019bfe00000,0x00000019bff00000) (1024K)]
  0x0000017316219dc0 JavaThread "JDWP Transport Listener: dt_socket" daemon [_thread_blocked, id=1656, stack(0x00000019bff00000,0x00000019c0000000) (1024K)]
  0x000001731621c450 JavaThread "JDWP Event Helper Thread"   daemon [_thread_blocked, id=6604, stack(0x00000019c0000000,0x00000019c0100000) (1024K)]
  0x000001731621cce0 JavaThread "JDWP Command Reader"        daemon [_thread_in_native, id=13512, stack(0x00000019c0100000,0x00000019c0200000) (1024K)]
  0x000001737f08c010 JavaThread "Notification Thread"        daemon [_thread_blocked, id=7084, stack(0x00000019c0200000,0x00000019c0300000) (1024K)]
  0x000001737f08cd30 JavaThread "Common-Cleaner"             daemon [_thread_blocked, id=18804, stack(0x00000019c0300000,0x00000019c0400000) (1024K)]
  0x000001737f08d3c0 JavaThread "Thread-0"                          [_thread_blocked, id=25940, stack(0x00000019c0500000,0x00000019c0600000) (1024K)]
  0x000001737f08a5d0 JavaThread "restartedMain"                     [_thread_in_Java, id=6444, stack(0x00000019c0600000,0x00000019c0700000) (1024K)]
=>0x000001731612a8d0 JavaThread "C2 CompilerThread1"         daemon [_thread_in_native, id=25928, stack(0x00000019c0e00000,0x00000019c0f00000) (1024K)]
  0x000001737f08ac60 JavaThread "Catalina-utility-1"                [_thread_blocked, id=3392, stack(0x00000019c1600000,0x00000019c1700000) (1024K)]
  0x000001735ed94750 JavaThread "Catalina-utility-2"                [_thread_blocked, id=12000, stack(0x00000019c1700000,0x00000019c1800000) (1024K)]
  0x000001735ed94de0 JavaThread "container-0"                       [_thread_blocked, id=13864, stack(0x00000019c1800000,0x00000019c1900000) (1024K)]
  0x000001735ed96eb0 JavaThread "mysql-cj-abandoned-connection-cleanup" daemon [_thread_blocked, id=2608, stack(0x00000019c1900000,0x00000019c1a00000) (1024K)]
  0x000001735ed96190 JavaThread "HikariPool-1:housekeeper"   daemon [_thread_blocked, id=20212, stack(0x00000019c1b00000,0x00000019c1c00000) (1024K)]
  0x000001735ed95470 JavaThread "HikariPool-1:connection-adder" daemon [_thread_blocked, id=25032, stack(0x00000019c1c00000,0x00000019c1d00000) (1024K)]
Total: 24

Other Threads:
  0x000001737f06cd60 VMThread "VM Thread"                           [id=3272, stack(0x00000019bf500000,0x00000019bf600000) (1024K)]
  0x000001737f05d940 WatcherThread "VM Periodic Task Thread"        [id=13384, stack(0x00000019bf400000,0x00000019bf500000) (1024K)]
  0x000001737d9b0af0 WorkerThread "GC Thread#0"                     [id=14500, stack(0x00000019bef00000,0x00000019bf000000) (1024K)]
  0x000001735c3a4ab0 WorkerThread "GC Thread#1"                     [id=7484, stack(0x00000019c0700000,0x00000019c0800000) (1024K)]
  0x0000017316d8f400 WorkerThread "GC Thread#2"                     [id=3052, stack(0x00000019c0800000,0x00000019c0900000) (1024K)]
  0x0000017316d8f7a0 WorkerThread "GC Thread#3"                     [id=5868, stack(0x00000019c0900000,0x00000019c0a00000) (1024K)]
  0x0000017316d8ff50 WorkerThread "GC Thread#4"                     [id=26392, stack(0x00000019c0a00000,0x00000019c0b00000) (1024K)]
  0x0000017316d902f0 WorkerThread "GC Thread#5"                     [id=8488, stack(0x00000019c0b00000,0x00000019c0c00000) (1024K)]
  0x000001735c4198d0 WorkerThread "GC Thread#6"                     [id=10280, stack(0x00000019c0c00000,0x00000019c0d00000) (1024K)]
  0x000001735c41a080 WorkerThread "GC Thread#7"                     [id=1836, stack(0x00000019c0d00000,0x00000019c0e00000) (1024K)]
  0x000001735c362790 WorkerThread "GC Thread#8"                     [id=1124, stack(0x00000019c0f00000,0x00000019c1000000) (1024K)]
  0x000001735c362ed0 WorkerThread "GC Thread#9"                     [id=24808, stack(0x00000019c1000000,0x00000019c1100000) (1024K)]
  0x000001735c363270 WorkerThread "GC Thread#10"                    [id=26192, stack(0x00000019c1100000,0x00000019c1200000) (1024K)]
  0x000001735c362b30 WorkerThread "GC Thread#11"                    [id=18592, stack(0x00000019c1200000,0x00000019c1300000) (1024K)]
  0x000001735c361cb0 WorkerThread "GC Thread#12"                    [id=9688, stack(0x00000019c1300000,0x00000019c1400000) (1024K)]
  0x000001737d9c2050 ConcurrentGCThread "G1 Main Marker"            [id=22176, stack(0x00000019bf000000,0x00000019bf100000) (1024K)]
  0x000001737d9c2b50 WorkerThread "G1 Conc#0"                       [id=26340, stack(0x00000019bf100000,0x00000019bf200000) (1024K)]
  0x000001735c639540 WorkerThread "G1 Conc#1"                       [id=19300, stack(0x00000019c1400000,0x00000019c1500000) (1024K)]
  0x000001735c6369c0 WorkerThread "G1 Conc#2"                       [id=26400, stack(0x00000019c1500000,0x00000019c1600000) (1024K)]
  0x000001737ef300f0 ConcurrentGCThread "G1 Refine#0"               [id=12628, stack(0x00000019bf200000,0x00000019bf300000) (1024K)]
  0x000001737d947470 ConcurrentGCThread "G1 Service"                [id=20624, stack(0x00000019bf300000,0x00000019bf400000) (1024K)]
Total: 21

Threads with active compile tasks:
C2 CompilerThread0  7400 7088       4       org.springframework.core.SerializableTypeWrapper$TypeProxyInvocationHandler::invoke (364 bytes)
C2 CompilerThread1  7400 7082 % !   4       org.springframework.beans.factory.support.DefaultListableBeanFactory::doGetBeanNamesForType @ 20 (527 bytes)
Total: 2

VM state: not at safepoint (normal execution)

VM Mutex/Monitor currently owned by a thread: None

Heap address: 0x0000000084800000, size: 1976 MB, Compressed Oops mode: 32-bit

CDS archive(s) mapped at: [0x0000017317000000-0x0000017317ba0000-0x0000017317ba0000), size 12189696, SharedBaseAddress: 0x0000017317000000, ArchiveRelocationMode: 1.
Compressed class space mapped at: 0x0000017318000000-0x0000017358000000, reserved size: 1073741824
Narrow klass base: 0x0000017317000000, Narrow klass shift: 0, Narrow klass range: 0x100000000

GC Precious Log:
 CardTable entry size: 512
 Card Set container configuration: InlinePtr #cards 5 size 8 Array Of Cards #cards 12 size 40 Howl #buckets 4 coarsen threshold 1843 Howl Bitmap #cards 512 size 80 coarsen threshold 460 Card regions per heap region 1 cards per card region 2048
 CPUs: 16 total, 16 available
 Memory: 7896M
 Large Page Support: Disabled
 NUMA Support: Disabled
 Compressed Oops: Enabled (32-bit)
 Heap Region Size: 1M
 Heap Min Capacity: 8M
 Heap Initial Capacity: 124M
 Heap Max Capacity: 1976M
 Pre-touch: Disabled
 Parallel Workers: 13
 Concurrent Workers: 3
 Concurrent Refinement Workers: 13
 Periodic GC: Disabled

Heap:
 garbage-first heap   total 73728K, used 38912K [0x0000000084800000, 0x0000000100000000)
  region size 1024K, 14 young (14336K), 5 survivors (5120K)
 Metaspace       used 70941K, committed 71680K, reserved 1114112K
  class space    used 9651K, committed 9984K, reserved 1048576K

Heap Regions: E=young(eden), S=young(survivor), O=old, HS=humongous(starts), HC=humongous(continues), CS=collection set, F=free, TAMS=top-at-mark-start, PB=parsable bottom
|   0|0x0000000084800000, 0x0000000084900000, 0x0000000084900000|100%|HS|  |TAMS 0x0000000084800000| PB 0x0000000084800000| Complete 
|   1|0x0000000084900000, 0x0000000084a00000, 0x0000000084a00000|100%|HS|  |TAMS 0x0000000084900000| PB 0x0000000084900000| Complete 
|   2|0x0000000084a00000, 0x0000000084b00000, 0x0000000084b00000|100%| O|  |TAMS 0x0000000084a00000| PB 0x0000000084a00000| Untracked 
|   3|0x0000000084b00000, 0x0000000084c00000, 0x0000000084c00000|100%| O|  |TAMS 0x0000000084b00000| PB 0x0000000084b00000| Untracked 
|   4|0x0000000084c00000, 0x0000000084d00000, 0x0000000084d00000|100%| O|  |TAMS 0x0000000084c00000| PB 0x0000000084c00000| Untracked 
|   5|0x0000000084d00000, 0x0000000084e00000, 0x0000000084e00000|100%| O|  |TAMS 0x0000000084d00000| PB 0x0000000084d00000| Untracked 
|   6|0x0000000084e00000, 0x0000000084f00000, 0x0000000084f00000|100%| O|  |TAMS 0x0000000084e00000| PB 0x0000000084e00000| Untracked 
|   7|0x0000000084f00000, 0x0000000085000000, 0x0000000085000000|100%| O|  |TAMS 0x0000000084f00000| PB 0x0000000084f00000| Untracked 
|   8|0x0000000085000000, 0x0000000085100000, 0x0000000085100000|100%| O|  |TAMS 0x0000000085000000| PB 0x0000000085000000| Untracked 
|   9|0x0000000085100000, 0x0000000085200000, 0x0000000085200000|100%| O|  |TAMS 0x0000000085100000| PB 0x0000000085100000| Untracked 
|  10|0x0000000085200000, 0x0000000085300000, 0x0000000085300000|100%| O|  |TAMS 0x0000000085200000| PB 0x0000000085200000| Untracked 
|  11|0x0000000085300000, 0x0000000085400000, 0x0000000085400000|100%| O|  |TAMS 0x0000000085300000| PB 0x0000000085300000| Untracked 
|  12|0x0000000085400000, 0x0000000085500000, 0x0000000085500000|100%| O|  |TAMS 0x0000000085400000| PB 0x0000000085400000| Untracked 
|  13|0x0000000085500000, 0x0000000085600000, 0x0000000085600000|100%| O|  |TAMS 0x0000000085500000| PB 0x0000000085500000| Untracked 
|  14|0x0000000085600000, 0x0000000085700000, 0x0000000085700000|100%| O|  |TAMS 0x0000000085600000| PB 0x0000000085600000| Untracked 
|  15|0x0000000085700000, 0x0000000085800000, 0x0000000085800000|100%| O|  |TAMS 0x0000000085700000| PB 0x0000000085700000| Untracked 
|  16|0x0000000085800000, 0x0000000085900000, 0x0000000085900000|100%| O|  |TAMS 0x0000000085800000| PB 0x0000000085800000| Untracked 
|  17|0x0000000085900000, 0x0000000085a00000, 0x0000000085a00000|100%| O|  |TAMS 0x0000000085900000| PB 0x0000000085900000| Untracked 
|  18|0x0000000085a00000, 0x0000000085b00000, 0x0000000085b00000|100%| O|  |TAMS 0x0000000085a00000| PB 0x0000000085a00000| Untracked 
|  19|0x0000000085b00000, 0x0000000085c00000, 0x0000000085c00000|100%| O|  |TAMS 0x0000000085b00000| PB 0x0000000085b00000| Untracked 
|  20|0x0000000085c00000, 0x0000000085c00000, 0x0000000085d00000|  0%| F|  |TAMS 0x0000000085c00000| PB 0x0000000085c00000| Untracked 
|  21|0x0000000085d00000, 0x0000000085e00000, 0x0000000085e00000|100%| O|  |TAMS 0x0000000085d00000| PB 0x0000000085d00000| Untracked 
|  22|0x0000000085e00000, 0x0000000085f00000, 0x0000000085f00000|100%| O|  |TAMS 0x0000000085e00000| PB 0x0000000085e00000| Untracked 
|  23|0x0000000085f00000, 0x0000000086000000, 0x0000000086000000|100%| O|  |TAMS 0x0000000085f00000| PB 0x0000000085f00000| Untracked 
|  24|0x0000000086000000, 0x0000000086000000, 0x0000000086100000|  0%| F|  |TAMS 0x0000000086000000| PB 0x0000000086000000| Untracked 
|  25|0x0000000086100000, 0x0000000086100000, 0x0000000086200000|  0%| F|  |TAMS 0x0000000086100000| PB 0x0000000086100000| Untracked 
|  26|0x0000000086200000, 0x0000000086200000, 0x0000000086300000|  0%| F|  |TAMS 0x0000000086200000| PB 0x0000000086200000| Untracked 
|  27|0x0000000086300000, 0x0000000086400000, 0x0000000086400000|100%| S|CS|TAMS 0x0000000086300000| PB 0x0000000086300000| Complete 
|  28|0x0000000086400000, 0x0000000086400000, 0x0000000086500000|  0%| F|  |TAMS 0x0000000086400000| PB 0x0000000086400000| Untracked 
|  29|0x0000000086500000, 0x0000000086500000, 0x0000000086600000|  0%| F|  |TAMS 0x0000000086500000| PB 0x0000000086500000| Untracked 
|  30|0x0000000086600000, 0x0000000086600000, 0x0000000086700000|  0%| F|  |TAMS 0x0000000086600000| PB 0x0000000086600000| Untracked 
|  31|0x0000000086700000, 0x0000000086800000, 0x0000000086800000|100%| S|CS|TAMS 0x0000000086700000| PB 0x0000000086700000| Complete 
|  32|0x0000000086800000, 0x0000000086900000, 0x0000000086900000|100%| S|CS|TAMS 0x0000000086800000| PB 0x0000000086800000| Complete 
|  33|0x0000000086900000, 0x0000000086a00000, 0x0000000086a00000|100%| S|CS|TAMS 0x0000000086900000| PB 0x0000000086900000| Complete 
|  34|0x0000000086a00000, 0x0000000086b00000, 0x0000000086b00000|100%| S|CS|TAMS 0x0000000086a00000| PB 0x0000000086a00000| Complete 
|  35|0x0000000086b00000, 0x0000000086b00000, 0x0000000086c00000|  0%| F|  |TAMS 0x0000000086b00000| PB 0x0000000086b00000| Untracked 
|  36|0x0000000086c00000, 0x0000000086c00000, 0x0000000086d00000|  0%| F|  |TAMS 0x0000000086c00000| PB 0x0000000086c00000| Untracked 
|  37|0x0000000086d00000, 0x0000000086d00000, 0x0000000086e00000|  0%| F|  |TAMS 0x0000000086d00000| PB 0x0000000086d00000| Untracked 
|  38|0x0000000086e00000, 0x0000000086e00000, 0x0000000086f00000|  0%| F|  |TAMS 0x0000000086e00000| PB 0x0000000086e00000| Untracked 
|  39|0x0000000086f00000, 0x0000000086f00000, 0x0000000087000000|  0%| F|  |TAMS 0x0000000086f00000| PB 0x0000000086f00000| Untracked 
|  40|0x0000000087000000, 0x0000000087000000, 0x0000000087100000|  0%| F|  |TAMS 0x0000000087000000| PB 0x0000000087000000| Untracked 
|  41|0x0000000087100000, 0x0000000087100000, 0x0000000087200000|  0%| F|  |TAMS 0x0000000087100000| PB 0x0000000087100000| Untracked 
|  42|0x0000000087200000, 0x0000000087200000, 0x0000000087300000|  0%| F|  |TAMS 0x0000000087200000| PB 0x0000000087200000| Untracked 
|  43|0x0000000087300000, 0x0000000087300000, 0x0000000087400000|  0%| F|  |TAMS 0x0000000087300000| PB 0x0000000087300000| Untracked 
|  44|0x0000000087400000, 0x0000000087400000, 0x0000000087500000|  0%| F|  |TAMS 0x0000000087400000| PB 0x0000000087400000| Untracked 
|  45|0x0000000087500000, 0x0000000087500000, 0x0000000087600000|  0%| F|  |TAMS 0x0000000087500000| PB 0x0000000087500000| Untracked 
|  46|0x0000000087600000, 0x0000000087600000, 0x0000000087700000|  0%| F|  |TAMS 0x0000000087600000| PB 0x0000000087600000| Untracked 
|  47|0x0000000087700000, 0x0000000087700000, 0x0000000087800000|  0%| F|  |TAMS 0x0000000087700000| PB 0x0000000087700000| Untracked 
|  48|0x0000000087800000, 0x0000000087800000, 0x0000000087900000|  0%| F|  |TAMS 0x0000000087800000| PB 0x0000000087800000| Untracked 
|  49|0x0000000087900000, 0x0000000087900000, 0x0000000087a00000|  0%| F|  |TAMS 0x0000000087900000| PB 0x0000000087900000| Untracked 
|  50|0x0000000087a00000, 0x0000000087a00000, 0x0000000087b00000|  0%| F|  |TAMS 0x0000000087a00000| PB 0x0000000087a00000| Untracked 
|  51|0x0000000087b00000, 0x0000000087b00000, 0x0000000087c00000|  0%| F|  |TAMS 0x0000000087b00000| PB 0x0000000087b00000| Untracked 
|  52|0x0000000087c00000, 0x0000000087c00000, 0x0000000087d00000|  0%| F|  |TAMS 0x0000000087c00000| PB 0x0000000087c00000| Untracked 
|  53|0x0000000087d00000, 0x0000000087d00000, 0x0000000087e00000|  0%| F|  |TAMS 0x0000000087d00000| PB 0x0000000087d00000| Untracked 
|  54|0x0000000087e00000, 0x0000000087e00000, 0x0000000087f00000|  0%| F|  |TAMS 0x0000000087e00000| PB 0x0000000087e00000| Untracked 
|  55|0x0000000087f00000, 0x0000000087f00000, 0x0000000088000000|  0%| F|  |TAMS 0x0000000087f00000| PB 0x0000000087f00000| Untracked 
|  56|0x0000000088000000, 0x0000000088000000, 0x0000000088100000|  0%| F|  |TAMS 0x0000000088000000| PB 0x0000000088000000| Untracked 
|  57|0x0000000088100000, 0x0000000088100000, 0x0000000088200000|  0%| F|  |TAMS 0x0000000088100000| PB 0x0000000088100000| Untracked 
|  58|0x0000000088200000, 0x0000000088200000, 0x0000000088300000|  0%| F|  |TAMS 0x0000000088200000| PB 0x0000000088200000| Untracked 
|  59|0x0000000088300000, 0x0000000088300000, 0x0000000088400000|  0%| F|  |TAMS 0x0000000088300000| PB 0x0000000088300000| Untracked 
|  60|0x0000000088400000, 0x0000000088400000, 0x0000000088500000|  0%| F|  |TAMS 0x0000000088400000| PB 0x0000000088400000| Untracked 
|  74|0x0000000089200000, 0x0000000089300000, 0x0000000089300000|100%| E|  |TAMS 0x0000000089200000| PB 0x0000000089200000| Complete 
|  75|0x0000000089300000, 0x0000000089400000, 0x0000000089400000|100%| E|CS|TAMS 0x0000000089300000| PB 0x0000000089300000| Complete 
|  76|0x0000000089400000, 0x0000000089500000, 0x0000000089500000|100%| E|CS|TAMS 0x0000000089400000| PB 0x0000000089400000| Complete 
|  77|0x0000000089500000, 0x0000000089600000, 0x0000000089600000|100%| E|CS|TAMS 0x0000000089500000| PB 0x0000000089500000| Complete 
|  78|0x0000000089600000, 0x0000000089700000, 0x0000000089700000|100%| E|CS|TAMS 0x0000000089600000| PB 0x0000000089600000| Complete 
|  79|0x0000000089700000, 0x0000000089800000, 0x0000000089800000|100%| E|CS|TAMS 0x0000000089700000| PB 0x0000000089700000| Complete 
|  80|0x0000000089800000, 0x0000000089900000, 0x0000000089900000|100%| E|CS|TAMS 0x0000000089800000| PB 0x0000000089800000| Complete 
| 123|0x000000008c300000, 0x000000008c400000, 0x000000008c400000|100%| E|CS|TAMS 0x000000008c300000| PB 0x000000008c300000| Complete 
|1973|0x00000000ffd00000, 0x00000000ffe00000, 0x00000000ffe00000|100%| E|CS|TAMS 0x00000000ffd00000| PB 0x00000000ffd00000| Complete 
|1974|0x00000000ffe00000, 0x00000000fff00000, 0x00000000fff00000|100%| O|  |TAMS 0x00000000ffe00000| PB 0x00000000ffe00000| Untracked 
|1975|0x00000000fff00000, 0x0000000100000000, 0x0000000100000000|100%| O|  |TAMS 0x00000000fff00000| PB 0x00000000fff00000| Untracked 

Card table byte_map: [0x000001737e670000,0x000001737ea50000] _byte_map_base: 0x000001737e24c000

Marking Bits: (CMBitMap*) 0x000001737d9b11f0
 Bits: [0x0000017312140000, 0x0000017314020000)

Polling page: 0x000001737ba20000

Metaspace:

Usage:
  Non-class:     59.89 MB used.
      Class:      9.43 MB used.
       Both:     69.32 MB used.

Virtual space:
  Non-class space:       64.00 MB reserved,      60.31 MB ( 94%) committed,  1 nodes.
      Class space:        1.00 GB reserved,       9.75 MB ( <1%) committed,  1 nodes.
             Both:        1.06 GB reserved,      70.06 MB (  6%) committed. 

Chunk freelists:
   Non-Class:  3.42 MB
       Class:  6.22 MB
        Both:  9.64 MB

MaxMetaspaceSize: unlimited
CompressedClassSpaceSize: 1.00 GB
Initial GC threshold: 21.00 MB
Current GC threshold: 98.12 MB
CDS: on
 - commit_granule_bytes: 65536.
 - commit_granule_words: 8192.
 - virtual_space_node_default_size: 8388608.
 - enlarge_chunks_in_place: 1.
 - use_allocation_guard: 0.


Internal statistics:

num_allocs_failed_limit: 9.
num_arena_births: 982.
num_arena_deaths: 0.
num_vsnodes_births: 2.
num_vsnodes_deaths: 0.
num_space_committed: 1121.
num_space_uncommitted: 0.
num_chunks_returned_to_freelist: 9.
num_chunks_taken_from_freelist: 3527.
num_chunk_merges: 9.
num_chunk_splits: 2518.
num_chunks_enlarged: 1943.
num_inconsistent_stats: 0.

CodeHeap 'non-profiled nmethods': size=119168Kb used=4039Kb max_used=4039Kb free=115128Kb
 bounds [0x000001730ace0000, 0x000001730b0e0000, 0x0000017312140000]
CodeHeap 'profiled nmethods': size=119104Kb used=13162Kb max_used=13162Kb free=105941Kb
 bounds [0x0000017303140000, 0x0000017303e20000, 0x000001730a590000]
CodeHeap 'non-nmethods': size=7488Kb used=2232Kb max_used=2847Kb free=5255Kb
 bounds [0x000001730a590000, 0x000001730a860000, 0x000001730ace0000]
CodeCache: size=245760Kb, used=19433Kb, max_used=20048Kb, free=226324Kb
 total_blobs=7229, nmethods=6485, adapters=645, full_count=0
Compilation: enabled, stopped_count=0, restarted_count=0

Compilation events (20 events):
Event: 6.324 Thread 0x000001731604b3a0 7140   !   3       jdk.proxy2.$Proxy11::annotation (29 bytes)
Event: 6.324 Thread 0x0000017316128d90 7141       3       org.springframework.core.annotation.AnnotationTypeMapping::isCompatibleReturnType (19 bytes)
Event: 6.324 Thread 0x000001731612afa0 7142       3       org.springframework.core.annotation.AnnotationTypeMapping::isAliasPair (17 bytes)
Event: 6.324 Thread 0x0000017316128d90 nmethod 7141 0x0000017303e14010 code [0x0000017303e141e0, 0x0000017303e14468]
Event: 6.324 Thread 0x000001731604b3a0 nmethod 7140 0x0000017303e14590 code [0x0000017303e14780, 0x0000017303e14be8]
Event: 6.324 Thread 0x000001731612afa0 nmethod 7142 0x0000017303e14e10 code [0x0000017303e14fc0, 0x0000017303e15140]
Event: 6.325 Thread 0x000001731612afa0 7143       3       org.springframework.core.annotation.AnnotationTypeMapping$MirrorSets::get (7 bytes)
Event: 6.325 Thread 0x000001731612afa0 nmethod 7143 0x0000017303e15210 code [0x0000017303e153c0, 0x0000017303e154f8]
Event: 6.327 Thread 0x000001731604b3a0 7144       3       org.springframework.core.convert.support.GenericConversionService::getRequiredTypeInfo (57 bytes)
Event: 6.327 Thread 0x000001731612afa0 7145       3       org.springframework.core.convert.support.GenericConversionService::addConverter (88 bytes)
Event: 6.328 Thread 0x000001731604b3a0 nmethod 7144 0x0000017303e15610 code [0x0000017303e15820, 0x0000017303e15e60]
Event: 6.328 Thread 0x000001731604b3a0 7146       3       org.springframework.util.CollectionUtils::computeInitialCapacity (11 bytes)
Event: 6.328 Thread 0x000001731612afa0 nmethod 7145 0x0000017303e16110 code [0x0000017303e163a0, 0x0000017303e16e50]
Event: 6.328 Thread 0x000001731604b3a0 nmethod 7146 0x0000017303e17190 code [0x0000017303e17360, 0x0000017303e17508]
Event: 6.329 Thread 0x000001731604b3a0 7147       1       java.lang.Enum::toString (5 bytes)
Event: 6.329 Thread 0x000001731604b3a0 nmethod 7147 0x000001730b0d1690 code [0x000001730b0d1820, 0x000001730b0d18e8]
Event: 6.330 Thread 0x000001731612afa0 7148       3       sun.reflect.generics.tree.ClassSignature::<init> (20 bytes)
Event: 6.330 Thread 0x000001731612afa0 nmethod 7148 0x0000017303e17610 code [0x0000017303e177c0, 0x0000017303e17a40]
Event: 6.336 Thread 0x000001731612afa0 7149       3       java.lang.ThreadLocal$ThreadLocalMap::remove (68 bytes)
Event: 6.336 Thread 0x000001731612afa0 nmethod 7149 0x0000017303e17b10 code [0x0000017303e17d20, 0x0000017303e182e0]

GC Heap History (20 events):
Event: 1.155 GC heap before
{Heap before GC invocations=1 (full 0):
 garbage-first heap   total 126976K, used 37383K [0x0000000084800000, 0x0000000100000000)
  region size 1024K, 33 young (33792K), 3 survivors (3072K)
 Metaspace       used 13603K, committed 13952K, reserved 1114112K
  class space    used 1711K, committed 1856K, reserved 1048576K
}
Event: 1.162 GC heap after
{Heap after GC invocations=2 (full 0):
 garbage-first heap   total 126976K, used 10655K [0x0000000084800000, 0x0000000100000000)
  region size 1024K, 3 young (3072K), 3 survivors (3072K)
 Metaspace       used 13603K, committed 13952K, reserved 1114112K
  class space    used 1711K, committed 1856K, reserved 1048576K
}
Event: 1.804 GC heap before
{Heap before GC invocations=2 (full 0):
 garbage-first heap   total 126976K, used 50591K [0x0000000084800000, 0x0000000100000000)
  region size 1024K, 43 young (44032K), 3 survivors (3072K)
 Metaspace       used 21083K, committed 21504K, reserved 1114112K
  class space    used 2622K, committed 2816K, reserved 1048576K
}
Event: 1.809 GC heap after
{Heap after GC invocations=3 (full 0):
 garbage-first heap   total 126976K, used 14605K [0x0000000084800000, 0x0000000100000000)
  region size 1024K, 7 young (7168K), 7 survivors (7168K)
 Metaspace       used 21083K, committed 21504K, reserved 1114112K
  class space    used 2622K, committed 2816K, reserved 1048576K
}
Event: 2.843 GC heap before
{Heap before GC invocations=4 (full 0):
 garbage-first heap   total 51200K, used 50445K [0x0000000084800000, 0x0000000100000000)
  region size 1024K, 42 young (43008K), 7 survivors (7168K)
 Metaspace       used 26265K, committed 26688K, reserved 1114112K
  class space    used 3325K, committed 3520K, reserved 1048576K
}
Event: 2.849 GC heap after
{Heap after GC invocations=5 (full 0):
 garbage-first heap   total 61440K, used 17018K [0x0000000084800000, 0x0000000100000000)
  region size 1024K, 7 young (7168K), 7 survivors (7168K)
 Metaspace       used 26265K, committed 26688K, reserved 1114112K
  class space    used 3325K, committed 3520K, reserved 1048576K
}
Event: 3.512 GC heap before
{Heap before GC invocations=5 (full 0):
 garbage-first heap   total 61440K, used 46714K [0x0000000084800000, 0x0000000100000000)
  region size 1024K, 36 young (36864K), 7 survivors (7168K)
 Metaspace       used 31650K, committed 32256K, reserved 1114112K
  class space    used 4062K, committed 4352K, reserved 1048576K
}
Event: 3.517 GC heap after
{Heap after GC invocations=6 (full 0):
 garbage-first heap   total 61440K, used 20345K [0x0000000084800000, 0x0000000100000000)
  region size 1024K, 4 young (4096K), 4 survivors (4096K)
 Metaspace       used 31650K, committed 32256K, reserved 1114112K
  class space    used 4062K, committed 4352K, reserved 1048576K
}
Event: 3.786 GC heap before
{Heap before GC invocations=6 (full 0):
 garbage-first heap   total 61440K, used 33657K [0x0000000084800000, 0x0000000100000000)
  region size 1024K, 18 young (18432K), 4 survivors (4096K)
 Metaspace       used 35395K, committed 35968K, reserved 1114112K
  class space    used 4621K, committed 4928K, reserved 1048576K
}
Event: 3.788 GC heap after
{Heap after GC invocations=7 (full 0):
 garbage-first heap   total 61440K, used 20897K [0x0000000084800000, 0x0000000100000000)
  region size 1024K, 1 young (1024K), 1 survivors (1024K)
 Metaspace       used 35395K, committed 35968K, reserved 1114112K
  class space    used 4621K, committed 4928K, reserved 1048576K
}
Event: 4.314 GC heap before
{Heap before GC invocations=8 (full 0):
 garbage-first heap   total 61440K, used 50593K [0x0000000084800000, 0x0000000100000000)
  region size 1024K, 30 young (30720K), 1 survivors (1024K)
 Metaspace       used 42872K, committed 43456K, reserved 1114112K
  class space    used 5853K, committed 6080K, reserved 1048576K
}
Event: 4.317 GC heap after
{Heap after GC invocations=9 (full 0):
 garbage-first heap   total 61440K, used 23550K [0x0000000084800000, 0x0000000100000000)
  region size 1024K, 4 young (4096K), 4 survivors (4096K)
 Metaspace       used 42872K, committed 43456K, reserved 1114112K
  class space    used 5853K, committed 6080K, reserved 1048576K
}
Event: 4.886 GC heap before
{Heap before GC invocations=9 (full 0):
 garbage-first heap   total 61440K, used 50174K [0x0000000084800000, 0x0000000100000000)
  region size 1024K, 31 young (31744K), 4 survivors (4096K)
 Metaspace       used 52967K, committed 53504K, reserved 1114112K
  class space    used 7061K, committed 7296K, reserved 1048576K
}
Event: 4.890 GC heap after
{Heap after GC invocations=10 (full 0):
 garbage-first heap   total 61440K, used 25779K [0x0000000084800000, 0x0000000100000000)
  region size 1024K, 3 young (3072K), 3 survivors (3072K)
 Metaspace       used 52967K, committed 53504K, reserved 1114112K
  class space    used 7061K, committed 7296K, reserved 1048576K
}
Event: 5.175 GC heap before
{Heap before GC invocations=10 (full 0):
 garbage-first heap   total 61440K, used 46259K [0x0000000084800000, 0x0000000100000000)
  region size 1024K, 24 young (24576K), 3 survivors (3072K)
 Metaspace       used 59592K, committed 60160K, reserved 1114112K
  class space    used 8045K, committed 8320K, reserved 1048576K
}
Event: 5.178 GC heap after
{Heap after GC invocations=11 (full 0):
 garbage-first heap   total 61440K, used 26949K [0x0000000084800000, 0x0000000100000000)
  region size 1024K, 2 young (2048K), 2 survivors (2048K)
 Metaspace       used 59592K, committed 60160K, reserved 1114112K
  class space    used 8045K, committed 8320K, reserved 1048576K
}
Event: 5.652 GC heap before
{Heap before GC invocations=12 (full 0):
 garbage-first heap   total 61440K, used 51525K [0x0000000084800000, 0x0000000100000000)
  region size 1024K, 27 young (27648K), 2 survivors (2048K)
 Metaspace       used 64947K, committed 65600K, reserved 1114112K
  class space    used 8841K, committed 9152K, reserved 1048576K
}
Event: 5.655 GC heap after
{Heap after GC invocations=13 (full 0):
 garbage-first heap   total 73728K, used 27952K [0x0000000084800000, 0x0000000100000000)
  region size 1024K, 3 young (3072K), 3 survivors (3072K)
 Metaspace       used 64947K, committed 65600K, reserved 1114112K
  class space    used 8841K, committed 9152K, reserved 1048576K
}
Event: 6.230 GC heap before
{Heap before GC invocations=13 (full 0):
 garbage-first heap   total 73728K, used 62768K [0x0000000084800000, 0x0000000100000000)
  region size 1024K, 38 young (38912K), 3 survivors (3072K)
 Metaspace       used 70250K, committed 70976K, reserved 1114112K
  class space    used 9529K, committed 9856K, reserved 1048576K
}
Event: 6.234 GC heap after
{Heap after GC invocations=14 (full 0):
 garbage-first heap   total 73728K, used 30720K [0x0000000084800000, 0x0000000100000000)
  region size 1024K, 5 young (5120K), 5 survivors (5120K)
 Metaspace       used 70250K, committed 70976K, reserved 1114112K
  class space    used 9529K, committed 9856K, reserved 1048576K
}

Dll operation events (10 events):
Event: 0.009 Loaded shared library C:\Users\Nicoj\.windsurf\extensions\redhat.java-1.50.0-win32-x64\jre\21.0.9-win32-x86_64\bin\java.dll
Event: 0.039 Loaded shared library C:\Users\Nicoj\.windsurf\extensions\redhat.java-1.50.0-win32-x64\jre\21.0.9-win32-x86_64\bin\zip.dll
Event: 0.202 Loaded shared library C:\Users\Nicoj\.windsurf\extensions\redhat.java-1.50.0-win32-x64\jre\21.0.9-win32-x86_64\bin\net.dll
Event: 0.204 Loaded shared library C:\Users\Nicoj\.windsurf\extensions\redhat.java-1.50.0-win32-x64\jre\21.0.9-win32-x86_64\bin\nio.dll
Event: 0.208 Loaded shared library C:\Users\Nicoj\.windsurf\extensions\redhat.java-1.50.0-win32-x64\jre\21.0.9-win32-x86_64\bin\zip.dll
Event: 0.307 Loaded shared library C:\Users\Nicoj\.windsurf\extensions\redhat.java-1.50.0-win32-x64\jre\21.0.9-win32-x86_64\bin\jimage.dll
Event: 0.566 Loaded shared library C:\Users\Nicoj\.windsurf\extensions\redhat.java-1.50.0-win32-x64\jre\21.0.9-win32-x86_64\bin\management.dll
Event: 0.570 Loaded shared library C:\Users\Nicoj\.windsurf\extensions\redhat.java-1.50.0-win32-x64\jre\21.0.9-win32-x86_64\bin\management_ext.dll
Event: 1.333 Loaded shared library C:\Users\Nicoj\.windsurf\extensions\redhat.java-1.50.0-win32-x64\jre\21.0.9-win32-x86_64\bin\sunmscapi.dll
Event: 4.300 Loaded shared library C:\Users\Nicoj\.windsurf\extensions\redhat.java-1.50.0-win32-x64\jre\21.0.9-win32-x86_64\bin\extnet.dll

Deoptimization events (20 events):
Event: 6.320 Thread 0x000001737f08a5d0 DEOPT PACKING pc=0x000001730383c814 sp=0x00000019c06fe260
Event: 6.320 Thread 0x000001737f08a5d0 DEOPT UNPACKING pc=0x000001730a5e4bc2 sp=0x00000019c06fd7c8 mode 1
Event: 6.325 Thread 0x000001737f08a5d0 DEOPT PACKING pc=0x000001730383c814 sp=0x00000019c06fe260
Event: 6.325 Thread 0x000001737f08a5d0 DEOPT UNPACKING pc=0x000001730a5e4bc2 sp=0x00000019c06fd7c8 mode 1
Event: 6.325 Thread 0x000001737f08a5d0 DEOPT PACKING pc=0x000001730383c814 sp=0x00000019c06fe260
Event: 6.325 Thread 0x000001737f08a5d0 DEOPT UNPACKING pc=0x000001730a5e4bc2 sp=0x00000019c06fd7c8 mode 1
Event: 6.326 Thread 0x000001737f08a5d0 DEOPT PACKING pc=0x000001730ad73d74 sp=0x00000019c06fbda0
Event: 6.326 Thread 0x000001737f08a5d0 DEOPT UNPACKING pc=0x000001730a5e4bc2 sp=0x00000019c06fb228 mode 1
Event: 6.326 Thread 0x000001737f08a5d0 DEOPT PACKING pc=0x000001730ae6fdd0 sp=0x00000019c06fc7c0
Event: 6.326 Thread 0x000001737f08a5d0 DEOPT UNPACKING pc=0x000001730a5e4bc2 sp=0x00000019c06fbbb8 mode 1
Event: 6.326 Thread 0x000001737f08a5d0 DEOPT PACKING pc=0x000001730366945c sp=0x00000019c06fc800
Event: 6.326 Thread 0x000001737f08a5d0 DEOPT UNPACKING pc=0x000001730a5e4bc2 sp=0x00000019c06fbd60 mode 1
Event: 6.332 Thread 0x000001737f08a5d0 DEOPT PACKING pc=0x000001730383c814 sp=0x00000019c06fd620
Event: 6.332 Thread 0x000001737f08a5d0 DEOPT UNPACKING pc=0x000001730a5e4bc2 sp=0x00000019c06fcb88 mode 1
Event: 6.332 Thread 0x000001737f08a5d0 DEOPT PACKING pc=0x000001730383c814 sp=0x00000019c06fd620
Event: 6.332 Thread 0x000001737f08a5d0 DEOPT UNPACKING pc=0x000001730a5e4bc2 sp=0x00000019c06fcb88 mode 1
Event: 6.336 Thread 0x000001737f08a5d0 DEOPT PACKING pc=0x000001730383c814 sp=0x00000019c06fd620
Event: 6.336 Thread 0x000001737f08a5d0 DEOPT UNPACKING pc=0x000001730a5e4bc2 sp=0x00000019c06fcb88 mode 1
Event: 6.336 Thread 0x000001737f08a5d0 DEOPT PACKING pc=0x000001730383c814 sp=0x00000019c06fd620
Event: 6.336 Thread 0x000001737f08a5d0 DEOPT UNPACKING pc=0x000001730a5e4bc2 sp=0x00000019c06fcb88 mode 1

Classes loaded (20 events):
Event: 5.775 Loading class java/util/WeakHashMap$EntrySet
Event: 5.775 Loading class java/util/WeakHashMap$EntrySet done
Event: 5.775 Loading class java/util/WeakHashMap$EntryIterator
Event: 5.775 Loading class java/util/WeakHashMap$EntryIterator done
Event: 5.810 Loading class java/lang/Package$1PackageInfoProxy
Event: 5.810 Loading class java/lang/Package$1PackageInfoProxy done
Event: 5.894 Loading class java/lang/invoke/WrongMethodTypeException
Event: 5.894 Loading class java/lang/invoke/WrongMethodTypeException done
Event: 5.987 Loading class java/util/regex/Pattern$Behind
Event: 5.987 Loading class java/util/regex/Pattern$Behind done
Event: 6.125 Loading class java/util/EnumMap$EntrySet
Event: 6.125 Loading class java/util/EnumMap$EntrySet done
Event: 6.125 Loading class java/util/EnumMap$EntryIterator
Event: 6.126 Loading class java/util/EnumMap$EnumMapIterator
Event: 6.126 Loading class java/util/EnumMap$EnumMapIterator done
Event: 6.126 Loading class java/util/EnumMap$EntryIterator done
Event: 6.222 Loading class java/util/regex/PatternSyntaxException
Event: 6.222 Loading class java/util/regex/PatternSyntaxException done
Event: 6.225 Loading class java/util/Comparators$NullComparator
Event: 6.225 Loading class java/util/Comparators$NullComparator done

Classes unloaded (0 events):
No events

Classes redefined (0 events):
No events

Internal exceptions (20 events):
Event: 5.349 Thread 0x000001737f08a5d0 Exception <a 'java/lang/NoSuchMethodError'{0x00000000875f0568}: 'void java.lang.invoke.DirectMethodHandle$Holder.invokeSpecial(java.lang.Object, java.lang.Object, java.lang.Object, java.lang.Object, java.lang.Object, java.lang.Object, java.lang.Object, java.lang.Object)'> (0x00000000875f0568) 
thrown [s\src\hotspot\share\interpreter\linkResolver.cpp, line 773]
Event: 5.354 Thread 0x000001737f08a5d0 Exception <a 'java/lang/NoSuchMethodError'{0x000000008742c2a0}: 'void java.lang.invoke.DirectMethodHandle$Holder.invokeSpecial(java.lang.Object, java.lang.Object, int, java.lang.Object)'> (0x000000008742c2a0) 
thrown [s\src\hotspot\share\interpreter\linkResolver.cpp, line 773]
Event: 5.355 Thread 0x000001737f08a5d0 Exception <a 'java/lang/IncompatibleClassChangeError'{0x0000000087433d00}: Found class java.lang.Object, but interface was expected> (0x0000000087433d00) 
thrown [s\src\hotspot\share\interpreter\linkResolver.cpp, line 840]
Event: 5.377 Thread 0x000001737f08a5d0 Exception <a 'java/lang/NoSuchMethodError'{0x0000000087392d88}: 'int java.lang.invoke.DirectMethodHandle$Holder.invokeStatic(java.lang.Object, int, java.lang.Object)'> (0x0000000087392d88) 
thrown [s\src\hotspot\share\interpreter\linkResolver.cpp, line 773]
Event: 5.379 Thread 0x000001737f08a5d0 Exception <a 'java/lang/NoSuchMethodError'{0x00000000873a7988}: 'void java.lang.invoke.DirectMethodHandle$Holder.invokeSpecial(java.lang.Object, java.lang.Object, java.lang.Object, java.lang.Object, java.lang.Object, int, java.lang.Object, java.lang.Object)'> (0x00000000873a7988) 
thrown [s\src\hotspot\share\interpreter\linkResolver.cpp, line 773]
Event: 5.381 Thread 0x000001737f08a5d0 Exception <a 'java/lang/NoSuchMethodError'{0x00000000873d4ef0}: 'java.lang.Object java.lang.invoke.Invokers$Holder.linkToTargetMethod(java.lang.Object, java.lang.Object, java.lang.Object, java.lang.Object, java.lang.Object, java.lang.Object, java.lang.Object, java.lang.Object, java.lang.Object, java.lang.Object, java.lang.Object, java.lang.Object)'> (0x00000000873d4ef0) 
thrown [s\src\hotspot\share\interpreter\linkResolver.cpp, line 773]
Event: 5.411 Thread 0x000001737f08a5d0 Exception <a 'java/lang/IncompatibleClassChangeError'{0x00000000871a0e80}: Found class java.lang.Object, but interface was expected> (0x00000000871a0e80) 
thrown [s\src\hotspot\share\interpreter\linkResolver.cpp, line 840]
Event: 5.417 Thread 0x000001737f08a5d0 Exception <a 'java/lang/NoSuchMethodError'{0x0000000087011bc0}: 'java.lang.Object java.lang.invoke.DirectMethodHandle$Holder.newInvokeSpecial(java.lang.Object, java.lang.Object, java.lang.Object, java.lang.Object, java.lang.Object, java.lang.Object, java.lang.Object, int)'> (0x0000000087011bc0) 
thrown [s\src\hotspot\share\interpreter\linkResolver.cpp, line 773]
Event: 5.417 Thread 0x000001737f08a5d0 Exception <a 'java/lang/NoSuchMethodError'{0x0000000087016120}: 'java.lang.Object java.lang.invoke.DirectMethodHandle$Holder.invokeSpecial(java.lang.Object, java.lang.Object, java.lang.Object, java.lang.Object, java.lang.Object, java.lang.Object, java.lang.Object, java.lang.Object, int)'> (0x0000000087016120) 
thrown [s\src\hotspot\share\interpreter\linkResolver.cpp, line 773]
Event: 5.417 Thread 0x000001737f08a5d0 Exception <a 'java/lang/NoSuchMethodError'{0x000000008701a148}: 'java.lang.Object java.lang.invoke.Invokers$Holder.linkToTargetMethod(java.lang.Object, java.lang.Object, java.lang.Object, java.lang.Object, java.lang.Object, java.lang.Object, int, java.lang.Object)'> (0x000000008701a148) 
thrown [s\src\hotspot\share\interpreter\linkResolver.cpp, line 773]
Event: 5.435 Thread 0x000001737f08a5d0 Exception <a 'java/lang/NoSuchMethodError'{0x0000000086f17710}: 'java.lang.Object java.lang.invoke.DirectMethodHandle$Holder.newInvokeSpecial(java.lang.Object, java.lang.Object, int, java.lang.Object, int, java.lang.Object, java.lang.Object)'> (0x0000000086f17710) 
thrown [s\src\hotspot\share\interpreter\linkResolver.cpp, line 773]
Event: 5.611 Thread 0x000001737f08a5d0 Exception <a 'java/lang/NoSuchMethodError'{0x00000000869fadd8}: 'java.lang.Object java.lang.invoke.DirectMethodHandle$Holder.invokeSpecial(java.lang.Object, java.lang.Object, int, java.lang.Object, int)'> (0x00000000869fadd8) 
thrown [s\src\hotspot\share\interpreter\linkResolver.cpp, line 773]
Event: 5.662 Thread 0x000001737f08a5d0 Exception <a 'java/lang/NoSuchMethodError'{0x000000008c3186f8}: 'void java.lang.invoke.Invokers$Holder.invokeExact_MT(java.lang.Object, java.lang.Object, java.lang.Object, java.lang.Object)'> (0x000000008c3186f8) 
thrown [s\src\hotspot\share\interpreter\linkResolver.cpp, line 773]
Event: 5.677 Thread 0x000001737f08a5d0 Implicit null exception at 0x000001730ad4b771 to 0x000001730ad4ba20
Event: 5.690 Thread 0x000001737f08a5d0 Implicit null exception at 0x000001730afa1cf0 to 0x000001730afa3be8
Event: 5.695 Thread 0x000001737f08a5d0 Exception <a 'java/lang/IncompatibleClassChangeError'{0x00000000897e4400}: Found class java.lang.Object, but interface was expected> (0x00000000897e4400) 
thrown [s\src\hotspot\share\interpreter\linkResolver.cpp, line 840]
Event: 5.725 Thread 0x000001737f08a5d0 Exception <a 'java/lang/IncompatibleClassChangeError'{0x0000000089565ab0}: Found class java.lang.Object, but interface was expected> (0x0000000089565ab0) 
thrown [s\src\hotspot\share\interpreter\linkResolver.cpp, line 840]
Event: 5.908 Thread 0x000001737f08a5d0 Exception <a 'java/lang/IncompatibleClassChangeError'{0x0000000087fe3058}: Found class java.lang.Object, but interface was expected> (0x0000000087fe3058) 
thrown [s\src\hotspot\share\interpreter\linkResolver.cpp, line 840]
Event: 6.073 Thread 0x000001737f08a5d0 Exception <a 'java/lang/NoSuchMethodError'{0x00000000875e0150}: 'java.lang.Object java.lang.invoke.DirectMethodHandle$Holder.newInvokeSpecial(java.lang.Object, java.lang.Object, java.lang.Object, java.lang.Object, java.lang.Object, java.lang.Object, java.lang.Object, java.lang.Object, java.lang.Object, java.lang.Object, java.lang.Object)'> (0x00000000875e0150) 
thrown [s\src\hotspot\share\interpreter\linkResolver.cpp, line 773]
Event: 6.126 Thread 0x000001737f08a5d0 Exception <a 'java/lang/NoSuchMethodError'{0x000000008714e5d8}: 'java.lang.Object java.lang.invoke.DirectMethodHandle$Holder.invokeVirtual(java.lang.Object, java.lang.Object, java.lang.Object, int)'> (0x000000008714e5d8) 
thrown [s\src\hotspot\share\interpreter\linkResolver.cpp, line 773]

ZGC Phase Switch (0 events):
No events

VM Operations (20 events):
Event: 5.463 Executing VM operation: HandshakeAllThreads (Deoptimize)
Event: 5.463 Executing VM operation: HandshakeAllThreads (Deoptimize) done
Event: 5.489 Executing VM operation: HandshakeAllThreads (Deoptimize)
Event: 5.489 Executing VM operation: HandshakeAllThreads (Deoptimize) done
Event: 5.541 Executing VM operation: HandshakeAllThreads (Deoptimize)
Event: 5.541 Executing VM operation: HandshakeAllThreads (Deoptimize) done
Event: 5.652 Executing VM operation: G1CollectForAllocation (G1 Evacuation Pause)
Event: 5.655 Executing VM operation: G1CollectForAllocation (G1 Evacuation Pause) done
Event: 5.818 Executing VM operation: HandshakeAllThreads (Deoptimize)
Event: 5.818 Executing VM operation: HandshakeAllThreads (Deoptimize) done
Event: 5.821 Executing VM operation: HandshakeAllThreads (Deoptimize)
Event: 5.821 Executing VM operation: HandshakeAllThreads (Deoptimize) done
Event: 6.002 Executing VM operation: ICBufferFull
Event: 6.002 Executing VM operation: ICBufferFull done
Event: 6.058 Executing VM operation: HandshakeAllThreads (Deoptimize)
Event: 6.058 Executing VM operation: HandshakeAllThreads (Deoptimize) done
Event: 6.230 Executing VM operation: G1CollectForAllocation (G1 Evacuation Pause)
Event: 6.234 Executing VM operation: G1CollectForAllocation (G1 Evacuation Pause) done
Event: 7.245 Executing VM operation: Cleanup
Event: 7.245 Executing VM operation: Cleanup done

Memory protections (0 events):
No events

Nmethod flushes (20 events):
Event: 5.188 Thread 0x000001737f06cd60 flushing  nmethod 0x0000017303818c10
Event: 5.188 Thread 0x000001737f06cd60 flushing  nmethod 0x0000017303819990
Event: 5.188 Thread 0x000001737f06cd60 flushing  nmethod 0x000001730394c710
Event: 5.188 Thread 0x000001737f06cd60 flushing  nmethod 0x0000017303a86990
Event: 5.188 Thread 0x000001737f06cd60 flushing  nmethod 0x0000017303a87890
Event: 5.188 Thread 0x000001737f06cd60 flushing  nmethod 0x0000017303207d90
Event: 5.188 Thread 0x000001737f06cd60 flushing  nmethod 0x0000017303209d90
Event: 5.188 Thread 0x000001737f06cd60 flushing  nmethod 0x0000017303212490
Event: 5.188 Thread 0x000001737f06cd60 flushing  nmethod 0x0000017303263a10
Event: 5.188 Thread 0x000001737f06cd60 flushing  nmethod 0x0000017303263f90
Event: 5.188 Thread 0x000001737f06cd60 flushing  nmethod 0x0000017303264e90
Event: 5.188 Thread 0x000001737f06cd60 flushing  nmethod 0x0000017303333190
Event: 5.188 Thread 0x000001737f06cd60 flushing  nmethod 0x0000017303335f90
Event: 5.188 Thread 0x000001737f06cd60 flushing  nmethod 0x000001730338f790
Event: 5.188 Thread 0x000001737f06cd60 flushing  nmethod 0x0000017303392410
Event: 5.188 Thread 0x000001737f06cd60 flushing  nmethod 0x00000173035f3810
Event: 5.188 Thread 0x000001737f06cd60 flushing  nmethod 0x00000173035f7510
Event: 5.188 Thread 0x000001737f06cd60 flushing  nmethod 0x00000173036fd310
Event: 5.188 Thread 0x000001737f06cd60 flushing  nmethod 0x000001730370af10
Event: 5.188 Thread 0x000001737f06cd60 flushing  nmethod 0x0000017303915290

Events (20 events):
Event: 0.045 Thread 0x000001731604b3a0 Thread added: 0x0000017316128d90
Event: 0.091 Thread 0x000001737d951430 Thread added: 0x0000017316219dc0
Event: 0.091 Thread 0x000001737d951430 Thread added: 0x000001731621c450
Event: 0.091 Thread 0x0000017316219dc0 Thread added: 0x000001731621cce0
Event: 0.184 Thread 0x000001737d951430 Thread added: 0x000001737f08c010
Event: 0.190 Thread 0x000001737d951430 Thread added: 0x000001737f08cd30
Event: 0.440 Thread 0x0000017316128d90 Thread added: 0x000001731612afa0
Event: 0.603 Thread 0x000001737d951430 Thread added: 0x000001737f08d3c0
Event: 0.610 Thread 0x000001737f08d3c0 Thread added: 0x000001737f08a5d0
Event: 0.984 Thread 0x000001737f08a5d0 Thread added: 0x000001737f08ac60
Event: 1.392 Thread 0x000001737f08ac60 Thread exited: 0x000001737f08ac60
Event: 1.457 Thread 0x000001737f08a5d0 Thread added: 0x000001737f08c6a0
Event: 1.573 Thread 0x000001737f08c6a0 Thread exited: 0x000001737f08c6a0
Event: 1.596 Thread 0x000001731612afa0 Thread added: 0x000001731612a8d0
Event: 3.464 Thread 0x000001737f08a5d0 Thread added: 0x000001737f08ac60
Event: 3.465 Thread 0x000001737f08ac60 Thread added: 0x000001735ed94750
Event: 3.470 Thread 0x000001737f08a5d0 Thread added: 0x000001735ed94de0
Event: 3.503 Thread 0x000001737f08a5d0 Thread added: 0x000001735ed96eb0
Event: 4.582 Thread 0x000001737f08a5d0 Thread added: 0x000001735ed96190
Event: 4.688 Thread 0x000001735ed96190 Thread added: 0x000001735ed95470


Dynamic libraries:
0x00007ff734c80000 - 0x00007ff734c8e000 	C:\Users\Nicoj\.windsurf\extensions\redhat.java-1.50.0-win32-x64\jre\21.0.9-win32-x86_64\bin\java.exe
0x00007ff8df840000 - 0x00007ff8dfaa9000 	C:\WINDOWS\SYSTEM32\ntdll.dll
0x00007ff8de570000 - 0x00007ff8de639000 	C:\WINDOWS\System32\KERNEL32.DLL
0x00007ff8dcd20000 - 0x00007ff8dd113000 	C:\WINDOWS\System32\KERNELBASE.dll
0x00007ff8dd120000 - 0x00007ff8dd26b000 	C:\WINDOWS\System32\ucrtbase.dll
0x00007ff874650000 - 0x00007ff874668000 	C:\Users\Nicoj\.windsurf\extensions\redhat.java-1.50.0-win32-x64\jre\21.0.9-win32-x86_64\bin\jli.dll
0x00007ff874050000 - 0x00007ff87406e000 	C:\Users\Nicoj\.windsurf\extensions\redhat.java-1.50.0-win32-x64\jre\21.0.9-win32-x86_64\bin\VCRUNTIME140.dll
0x00007ff8ddd90000 - 0x00007ff8ddf54000 	C:\WINDOWS\System32\USER32.dll
0x00007ff8dd5e0000 - 0x00007ff8dd607000 	C:\WINDOWS\System32\win32u.dll
0x00007ff8c22a0000 - 0x00007ff8c2533000 	C:\WINDOWS\WinSxS\amd64_microsoft.windows.common-controls_6595b64144ccf1df_6.0.26100.5074_none_3e0d6f78e32fd63f\COMCTL32.dll
0x00007ff8df730000 - 0x00007ff8df75b000 	C:\WINDOWS\System32\GDI32.dll
0x00007ff8dee30000 - 0x00007ff8deed9000 	C:\WINDOWS\System32\msvcrt.dll
0x00007ff8dc9d0000 - 0x00007ff8dcafd000 	C:\WINDOWS\System32\gdi32full.dll
0x00007ff8dd270000 - 0x00007ff8dd313000 	C:\WINDOWS\System32\msvcp_win.dll
0x00007ff8ddd50000 - 0x00007ff8ddd7f000 	C:\WINDOWS\System32\IMM32.DLL
0x00007ff8d7150000 - 0x00007ff8d715c000 	C:\Users\Nicoj\.windsurf\extensions\redhat.java-1.50.0-win32-x64\jre\21.0.9-win32-x86_64\bin\vcruntime140_1.dll
0x00007ff855c70000 - 0x00007ff855cfd000 	C:\Users\Nicoj\.windsurf\extensions\redhat.java-1.50.0-win32-x64\jre\21.0.9-win32-x86_64\bin\msvcp140.dll
0x00007ff830450000 - 0x00007ff8311f0000 	C:\Users\Nicoj\.windsurf\extensions\redhat.java-1.50.0-win32-x64\jre\21.0.9-win32-x86_64\bin\server\jvm.dll
0x00007ff8df080000 - 0x00007ff8df134000 	C:\WINDOWS\System32\ADVAPI32.dll
0x00007ff8de080000 - 0x00007ff8de126000 	C:\WINDOWS\System32\sechost.dll
0x00007ff8deee0000 - 0x00007ff8deff8000 	C:\WINDOWS\System32\RPCRT4.dll
0x00007ff8df000000 - 0x00007ff8df074000 	C:\WINDOWS\System32\WS2_32.dll
0x00007ff8dc250000 - 0x00007ff8dc2ae000 	C:\WINDOWS\SYSTEM32\POWRPROF.dll
0x00007ff8d2760000 - 0x00007ff8d2795000 	C:\WINDOWS\SYSTEM32\WINMM.dll
0x00007ff8d5610000 - 0x00007ff8d561b000 	C:\WINDOWS\SYSTEM32\VERSION.dll
0x00007ff8dc1e0000 - 0x00007ff8dc1f4000 	C:\WINDOWS\SYSTEM32\UMPDC.dll
0x00007ff8db790000 - 0x00007ff8db7ab000 	C:\WINDOWS\SYSTEM32\kernel.appcore.dll
0x00007ff8c6410000 - 0x00007ff8c641a000 	C:\Users\Nicoj\.windsurf\extensions\redhat.java-1.50.0-win32-x64\jre\21.0.9-win32-x86_64\bin\jimage.dll
0x00007ff8da0b0000 - 0x00007ff8da2f2000 	C:\WINDOWS\SYSTEM32\DBGHELP.DLL
0x00007ff8df3b0000 - 0x00007ff8df72b000 	C:\WINDOWS\System32\combase.dll
0x00007ff8df2d0000 - 0x00007ff8df3a7000 	C:\WINDOWS\System32\OLEAUT32.dll
0x00007ff8bd6f0000 - 0x00007ff8bd72d000 	C:\WINDOWS\SYSTEM32\dbgcore.DLL
0x00007ff8dcc80000 - 0x00007ff8dcd19000 	C:\WINDOWS\System32\bcryptPrimitives.dll
0x00007ff898530000 - 0x00007ff89856c000 	C:\Users\Nicoj\.windsurf\extensions\redhat.java-1.50.0-win32-x64\jre\21.0.9-win32-x86_64\bin\jdwp.dll
0x00007ff86f050000 - 0x00007ff86f070000 	C:\Users\Nicoj\.windsurf\extensions\redhat.java-1.50.0-win32-x64\jre\21.0.9-win32-x86_64\bin\java.dll
0x00007ff8de670000 - 0x00007ff8dedbd000 	C:\WINDOWS\System32\SHELL32.dll
0x00007ff8dd470000 - 0x00007ff8dd5dc000 	C:\WINDOWS\System32\wintypes.dll
0x00007ff8da610000 - 0x00007ff8dae69000 	C:\WINDOWS\SYSTEM32\windows.storage.dll
0x00007ff8ddc50000 - 0x00007ff8ddd40000 	C:\WINDOWS\System32\SHCORE.dll
0x00007ff8dedc0000 - 0x00007ff8dee22000 	C:\WINDOWS\System32\shlwapi.dll
0x00007ff8dc8f0000 - 0x00007ff8dc919000 	C:\WINDOWS\SYSTEM32\profapi.dll
0x00007ff86f030000 - 0x00007ff86f048000 	C:\Users\Nicoj\.windsurf\extensions\redhat.java-1.50.0-win32-x64\jre\21.0.9-win32-x86_64\bin\zip.dll
0x00007ff8d7240000 - 0x00007ff8d724c000 	C:\Users\Nicoj\.windsurf\extensions\redhat.java-1.50.0-win32-x64\jre\21.0.9-win32-x86_64\bin\dt_socket.dll
0x00007ff8db1d0000 - 0x00007ff8db204000 	C:\WINDOWS\SYSTEM32\IPHLPAPI.DLL
0x00007ff8dbd30000 - 0x00007ff8dbd9b000 	C:\WINDOWS\system32\mswsock.dll
0x00007ff8db270000 - 0x00007ff8db396000 	C:\WINDOWS\SYSTEM32\DNSAPI.dll
0x00007ff8de480000 - 0x00007ff8de48a000 	C:\WINDOWS\System32\NSI.dll
0x00007ff8c4d00000 - 0x00007ff8c4d0b000 	C:\Windows\System32\rasadhlp.dll
0x00007ff8d4660000 - 0x00007ff8d46e6000 	C:\WINDOWS\System32\fwpuclnt.dll
0x00007ff88e420000 - 0x00007ff88e430000 	C:\Users\Nicoj\.windsurf\extensions\redhat.java-1.50.0-win32-x64\jre\21.0.9-win32-x86_64\bin\net.dll
0x00007ff8d54c0000 - 0x00007ff8d55df000 	C:\WINDOWS\SYSTEM32\WINHTTP.dll
0x00007ff86e800000 - 0x00007ff86e816000 	C:\Users\Nicoj\.windsurf\extensions\redhat.java-1.50.0-win32-x64\jre\21.0.9-win32-x86_64\bin\nio.dll
0x00007ff8d7230000 - 0x00007ff8d723a000 	C:\Users\Nicoj\.windsurf\extensions\redhat.java-1.50.0-win32-x64\jre\21.0.9-win32-x86_64\bin\management.dll
0x00007ff8c6540000 - 0x00007ff8c654c000 	C:\Users\Nicoj\.windsurf\extensions\redhat.java-1.50.0-win32-x64\jre\21.0.9-win32-x86_64\bin\management_ext.dll
0x00007ff8dd610000 - 0x00007ff8dd618000 	C:\WINDOWS\System32\PSAPI.DLL
0x00007ff8c6490000 - 0x00007ff8c649e000 	C:\Users\Nicoj\.windsurf\extensions\redhat.java-1.50.0-win32-x64\jre\21.0.9-win32-x86_64\bin\sunmscapi.dll
0x00007ff8dcb00000 - 0x00007ff8dcc77000 	C:\WINDOWS\System32\CRYPT32.dll
0x00007ff8dc310000 - 0x00007ff8dc340000 	C:\WINDOWS\SYSTEM32\ncrypt.dll
0x00007ff8dc2c0000 - 0x00007ff8dc2ff000 	C:\WINDOWS\SYSTEM32\NTASN1.dll
0x00007ff8dc050000 - 0x00007ff8dc06b000 	C:\WINDOWS\SYSTEM32\CRYPTSP.dll
0x00007ff8db6f0000 - 0x00007ff8db72b000 	C:\WINDOWS\system32\rsaenh.dll
0x00007ff8dbdd0000 - 0x00007ff8dbdfb000 	C:\WINDOWS\SYSTEM32\USERENV.dll
0x00007ff8dc8c0000 - 0x00007ff8dc8e6000 	C:\WINDOWS\SYSTEM32\bcrypt.dll
0x00007ff8dc040000 - 0x00007ff8dc04c000 	C:\WINDOWS\SYSTEM32\CRYPTBASE.dll
0x00007ff8c6480000 - 0x00007ff8c6489000 	C:\Users\Nicoj\.windsurf\extensions\redhat.java-1.50.0-win32-x64\jre\21.0.9-win32-x86_64\bin\extnet.dll

JVMTI agents:
jdwp path:C:\Users\Nicoj\.windsurf\extensions\redhat.java-1.50.0-win32-x64\jre\21.0.9-win32-x86_64\bin\jdwp.dll, loaded, initialized, options:transport=dt_socket,server=n,suspend=y,address=localhost:65236

dbghelp: loaded successfully - version: 4.0.5 - missing functions: none
symbol engine: initialized successfully - sym options: 0x614 - pdb path: .;C:\Users\Nicoj\.windsurf\extensions\redhat.java-1.50.0-win32-x64\jre\21.0.9-win32-x86_64\bin;C:\WINDOWS\SYSTEM32;C:\WINDOWS\WinSxS\amd64_microsoft.windows.common-controls_6595b64144ccf1df_6.0.26100.5074_none_3e0d6f78e32fd63f;C:\Users\Nicoj\.windsurf\extensions\redhat.java-1.50.0-win32-x64\jre\21.0.9-win32-x86_64\bin\server

VM Arguments:
jvm_args: -agentlib:jdwp=transport=dt_socket,server=n,suspend=y,address=localhost:65236 -XX:+ShowCodeDetailsInExceptionMessages 
java_command: com.appdevg4.CitMedConnect.CitMedConnectApplication
java_class_path (initial): C:\Users\Nicoj\OneDrive\Desktop\CitMedConnect\CitMedConnect\target\classes;C:\Users\Nicoj\.m2\repository\org\springframework\boot\spring-boot-starter-data-jpa\4.0.0\spring-boot-starter-data-jpa-4.0.0.jar;C:\Users\Nicoj\.m2\repository\org\springframework\boot\spring-boot-starter\4.0.0\spring-boot-starter-4.0.0.jar;C:\Users\Nicoj\.m2\repository\org\springframework\boot\spring-boot-starter-logging\4.0.0\spring-boot-starter-logging-4.0.0.jar;C:\Users\Nicoj\.m2\repository\ch\qos\logback\logback-classic\1.5.21\logback-classic-1.5.21.jar;C:\Users\Nicoj\.m2\repository\ch\qos\logback\logback-core\1.5.21\logback-core-1.5.21.jar;C:\Users\Nicoj\.m2\repository\org\apache\logging\log4j\log4j-to-slf4j\2.25.2\log4j-to-slf4j-2.25.2.jar;C:\Users\Nicoj\.m2\repository\org\apache\logging\log4j\log4j-api\2.25.2\log4j-api-2.25.2.jar;C:\Users\Nicoj\.m2\repository\org\slf4j\jul-to-slf4j\2.0.17\jul-to-slf4j-2.0.17.jar;C:\Users\Nicoj\.m2\repository\jakarta\annotation\jakarta.annotation-api\3.0.0\jakarta.annotation-api-3.0.0.jar;C:\Users\Nicoj\.m2\repository\org\yaml\snakeyaml\2.5\snakeyaml-2.5.jar;C:\Users\Nicoj\.m2\repository\org\springframework\boot\spring-boot-starter-jdbc\4.0.0\spring-boot-starter-jdbc-4.0.0.jar;C:\Users\Nicoj\.m2\repository\com\zaxxer\HikariCP\7.0.2\HikariCP-7.0.2.jar;C:\Users\Nicoj\.m2\repository\org\slf4j\slf4j-api\2.0.17\slf4j-api-2.0.17.jar;C:\Users\Nicoj\.m2\repository\org\springframework\boot\spring-boot-data-jpa\4.0.0\spring-boot-data-jpa-4.0.0.jar;C:\Users\Nicoj\.m2\repository\org\springframework\boot\spring-boot-data-commons\4.0.0\spring-boot-data-commons-4.0.0.jar;C:\Users\Nicoj\.m2\repository\org\springframework\boot\spring-boot-persistence\4.0.0\spring-boot-persistence-4.0.0.jar;C:\Users\Nicoj\.m2\repository\org\springframework\data\spring-data-commons\4.0.0\spring-data-commons-4.0.0.jar;C:\Users\Nicoj\.m2\repository\org\springframework\boot\spring-boot-hibernate\4.0.0\spring-boot-hibernate-4.0.0.jar;C:\Users\Nicoj\.m2\repository\org\springframework\boot\spring-boot-jpa\4.0.0\spring-boot-jpa-4.0.0.jar;C:\Users\Nicoj\.m2\repository\jakarta\persistence\jakarta.persistence-api\3.2.0\jakarta.persistence-api-3.2.0.jar;C:\Users\Nicoj\.m2\repository\org\hibernate\orm\hibernate-core\7.1.8.Final\hibernate-core-7.1.8.Final.jar;C:\Users\Nicoj\.m2\repository\jakarta\transaction\jakarta.transaction-api\2.0.1\jakarta.transaction-api-2.0.1.jar;C:\Users\Nicoj\.m2\repository\org\jboss\logging\jboss-logging\3.6.1.Final\jboss-logging-3.6.1.Final.jar;C:\Users\Nicoj\.m2\repository\org\hibernate\models\hibernate-models\1.0.1\hibernate-models-1.0.1.jar;C:\Users\Nicoj\.m2\repository\com\fasterxml\classmate\1.7.1\classmate-1.7.1.jar;C:\Users\Nicoj\.m2\repository\org\glassfish\jaxb\jaxb-runtime\4.0.6\jaxb-runtime-4.0.6.jar;C:\Users\Nicoj\.m2\repository\org\glassfish\jaxb\jaxb-core\4.0.6\jaxb-core-4.0.6.jar;C:\Users\Nicoj\.m2\repository\org\eclipse\angus\angus-activation\2.0.3\angus-activation-2.0.3.jar;C:\Users\Nicoj\.m2\repository\org\glassfish\jaxb\txw2\4.0.6\txw2-4.0.6.jar;C:\Users\Nicoj\.m2\repository\com\sun\istack\istack-commons-runtime\4.1.2\istack-commons-runtime-4.1.2.jar;C:\Users\Nicoj\.m2\repository\jakarta\inject\jakarta.inject-api\2.0.1\jakarta.inject-api-2.0.1.jar;C:\Users\Nicoj\.m2\repository\org\springframework\spring-orm\7.0.1\spring-orm-7.0.1.jar;C:\Users\Nicoj\.m2\repository\org\springframework\data\spring-data-jpa\4.0.0\spring-data-jpa-4.0.0.jar;C:\Users\Nicoj\.m2\repository\org\springframework\spring-tx\7.0.1\spring-tx-7.0.1.jar;C:\Users\Nicoj\.m2\repository\org\antlr\antlr4-runtime\4.13.2\antlr4-runtime-4.13.2.jar;C:\Users\Nicoj\.m2\repository\org\springframework\spring-aspects\7.0.1\spring-aspects-7.0.1.jar;C:\Users\Nicoj\.m2\repository\org\aspectj\aspectjweaver\1.9.25\aspectjweaver-1.9.25.jar;C:\Users\Nicoj\.m2\repository\org\springframework\boot\spring-boot-jdbc\4.0.0\spring-boot-jdbc-4.0.0.jar;C:\Users\Nicoj\.m2\repository\org\springframework\boot\spring-boot-sql\4.0.0\spring-boot-sql-4.0.0.jar;C:\Users\Nicoj\.m2\repository\org\springframework\boot\spring-boot-transaction\4.0.0\spring-boot-transaction-4.0.0.jar;C:\Users\Nicoj\.m2\repository\org\springframework\spring-jdbc\7.0.1\spring-jdbc-7.0.1.jar;C:\Users\Nicoj\.m2\repository\org\springframework\boot\spring-boot-starter-security\4.0.0\spring-boot-starter-security-4.0.0.jar;C:\Users\Nicoj\.m2\repository\org\springframework\boot\spring-boot-security\4.0.0\spring-boot-security-4.0.0.jar;C:\Users\Nicoj\.m2\repository\org\springframework\security\spring-security-config\7.0.0\spring-security-config-7.0.0.jar;C:\Users\Nicoj\.m2\repository\org\springframework\security\spring-security-core\7.0.0\spring-security-core-7.0.0.jar;C:\Users\Nicoj\.m2\repository\org\springframework\security\spring-security-crypto\7.0.0\spring-security-crypto-7.0.0.jar;C:\Users\Nicoj\.m2\repository\org\springframework\security\spring-security-web\7.0.0\spring-security-web-7.0.0.jar;C:\Users\Nicoj\.m2\repository\org\springframework\spring-expression\7.0.1\spring-expression-7.0.1.jar;C:\Users\Nicoj\.m2\repository\org\springframework\spring-aop\7.0.1\spring-aop-7.0.1.jar;C:\Users\Nicoj\.m2\repository\org\springframework\spring-beans\7.0.1\spring-beans-7.0.1.jar;C:\Users\Nicoj\.m2\repository\org\springframework\spring-core\7.0.1\spring-core-7.0.1.jar;C:\Users\Nicoj\.m2\repository\commons-logging\commons-logging\1.3.5\commons-logging-1.3.5.jar;C:\Users\Nicoj\.m2\repository\org\jspecify\jspecify\1.0.0\jspecify-1.0.0.jar;C:\Users\Nicoj\.m2\repository\org\springframework\boot\spring-boot-starter-webmvc\4.0.0\spring-boot-starter-webmvc-4.0.0.jar;C:\Users\Nicoj\.m2\repository\org\springframework\boot\spring-boot-starter-jackson\4.0.0\spring-boot-starter-jackson-4.0.0.jar;C:\Users\Nicoj\.m2\repository\org\springframework\boot\spring-boot-jackson\4.0.0\spring-boot-jackson-4.0.0.jar;C:\Users\Nicoj\.m2\repository\tools\jackson\core\jackson-databind\3.0.2\jackson-databind-3.0.2.jar;C:\Users\Nicoj\.m2\repository\com\fasterxml\jackson\core\jackson-annotations\2.20\jackson-annotations-2.20.jar;C:\Users\Nicoj\.m2\repository\tools\jackson\core\jackson-core\3.0.2\jackson-core-3.0.2.jar;C:\Users\Nicoj\.m2\repository\org\springframework\boot\spring-boot-starter-tomcat\4.0.0\spring-boot-starter-tomcat-4.0.0.jar;C:\Users\Nicoj\.m2\repository\org\springframework\boot\spring-boot-starter-tomcat-runtime\4.0.0\spring-boot-starter-tomcat-runtime-4.0.0.jar;C:\Users\Nicoj\.m2\repository\org\apache\tomcat\embed\tomcat-embed-core\11.0.14\tomcat-embed-core-11.0.14.jar;C:\Users\Nicoj\.m2\repository\org\apache\tomcat\embed\tomcat-embed-el\11.0.14\tomcat-embed-el-11.0.14.jar;C:\Users\Nicoj\.m2\repository\org\apache\tomcat\embed\tomcat-embed-websocket\11.0.14\tomcat-embed-websocket-11.0.14.jar;C:\Users\Nicoj\.m2\repository\org\springframework\boot\spring-boot-tomcat\4.0.0\spring-boot-tomcat-4.0.0.jar;C:\Users\Nicoj\.m2\repository\org\springframework\boot\spring-boot-http-converter\4.0.0\spring-boot-http-converter-4.0.0.jar;C:\Users\Nicoj\.m2\repository\org\springframework\spring-web\7.0.1\spring-web-7.0.1.jar;C:\Users\Nicoj\.m2\repository\io\micrometer\micrometer-observation\1.16.0\micrometer-observation-1.16.0.jar;C:\Users\Nicoj\.m2\repository\io\micrometer\micrometer-commons\1.16.0\micrometer-commons-1.16.0.jar;C:\Users\Nicoj\.m2\repository\org\springframework\boot\spring-boot-webmvc\4.0.0\spring-boot-webmvc-4.0.0.jar;C:\Users\Nicoj\.m2\repository\org\springframework\boot\spring-boot-servlet\4.0.0\spring-boot-servlet-4.0.0.jar;C:\Users\Nicoj\.m2\repository\org\springframework\spring-webmvc\7.0.1\spring-webmvc-7.0.1.jar;C:\Users\Nicoj\.m2\repository\org\springframework\boot\spring-boot-devtools\4.0.0\spring-boot-devtools-4.0.0.jar;C:\Users\Nicoj\.m2\repository\org\springframework\boot\spring-boot\4.0.0\spring-boot-4.0.0.jar;C:\Users\Nicoj\.m2\repository\org\springframework\spring-context\7.0.1\spring-context-7.0.1.jar;C:\Users\Nicoj\.m2\repository\org\springframework\boot\spring-boot-autoconfigure\4.0.0\spring-boot-autoconfigure-4.0.0.jar;C:\Users\Nicoj\.m2\repository\com\mysql\mysql-connector-j\9.5.0\mysql-connector-j-9.5.0.jar;C:\Users\Nicoj\.m2\repository\org\projectlombok\lombok\1.18.42\lombok-1.18.42.jar;C:\Users\Nicoj\.m2\repository\jakarta\xml\bind\jakarta.xml.bind-api\4.0.4\jakarta.xml.bind-api-4.0.4.jar;C:\Users\Nicoj\.m2\repository\jakarta\activation\jakarta.activation-api\2.1.4\jakarta.activation-api-2.1.4.jar;C:\Users\Nicoj\.m2\repository\net\bytebuddy\byte-buddy\1.17.8\byte-buddy-1.17.8.jar;C:\Users\Nicoj\.m2\repository\org\springframework\boot\spring-boot-web-server\4.0.0\spring-boot-web-server-4.0.0.jar
Launcher Type: SUN_STANDARD

[Global flags]
     intx CICompilerCount                          = 12                                        {product} {ergonomic}
     uint ConcGCThreads                            = 3                                         {product} {ergonomic}
     uint G1ConcRefinementThreads                  = 13                                        {product} {ergonomic}
   size_t G1HeapRegionSize                         = 1048576                                   {product} {ergonomic}
    uintx GCDrainStackTargetSize                   = 64                                        {product} {ergonomic}
   size_t InitialHeapSize                          = 130023424                                 {product} {ergonomic}
   size_t MarkStackSize                            = 4194304                                   {product} {ergonomic}
   size_t MaxHeapSize                              = 2071986176                                {product} {ergonomic}
   size_t MaxNewSize                               = 1242562560                                {product} {ergonomic}
   size_t MinHeapDeltaBytes                        = 1048576                                   {product} {ergonomic}
   size_t MinHeapSize                              = 8388608                                   {product} {ergonomic}
    uintx NonNMethodCodeHeapSize                   = 7602480                                {pd product} {ergonomic}
    uintx NonProfiledCodeHeapSize                  = 122027880                              {pd product} {ergonomic}
    uintx ProfiledCodeHeapSize                     = 122027880                              {pd product} {ergonomic}
    uintx ReservedCodeCacheSize                    = 251658240                              {pd product} {ergonomic}
     bool SegmentedCodeCache                       = true                                      {product} {ergonomic}
     bool ShowCodeDetailsInExceptionMessages       = true                                   {manageable} {command line}
   size_t SoftMaxHeapSize                          = 2071986176                             {manageable} {ergonomic}
     bool UseCompressedOops                        = true                           {product lp64_product} {ergonomic}
     bool UseG1GC                                  = true                                      {product} {ergonomic}
     bool UseLargePagesIndividualAllocation        = false                                  {pd product} {ergonomic}

Logging:
Log output configuration:
 #0: stdout all=warning uptime,level,tags foldmultilines=false
 #1: stderr all=off uptime,level,tags foldmultilines=false

Release file:
JAVA_VERSION="21.0.9" 
MODULES="java.base java.compiler java.datatransfer java.xml java.prefs java.desktop java.instrument java.logging java.management java.security.sasl java.naming java.rmi java.management.rmi java.net.http java.scripting java.security.jgss java.transaction.xa java.sql java.sql.rowset java.xml.crypto java.se java.smartcardio jdk.accessibility jdk.internal.jvmstat jdk.attach jdk.charsets jdk.internal.opt jdk.zipfs jdk.compiler jdk.crypto.ec jdk.crypto.cryptoki jdk.crypto.mscapi jdk.dynalink jdk.internal.ed jdk.editpad jdk.hotspot.agent jdk.httpserver jdk.internal.le jdk.internal.vm.ci jdk.internal.vm.compiler jdk.internal.vm.compiler.management jdk.jartool jdk.javadoc jdk.jcmd jdk.management jdk.management.agent jdk.jconsole jdk.jdeps jdk.jdwp.agent jdk.jdi jdk.jfr jdk.jshell jdk.jsobject jdk.jstatd jdk.localedata jdk.management.jfr jdk.naming.dns jdk.naming.rmi jdk.net jdk.nio.mapmode jdk.random jdk.sctp jdk.security.auth jdk.security.jgss jdk.unsupported jdk.unsupported.desktop jdk.xml.dom" 

Environment Variables:
PATH=C:\Python313\Scripts\;C:\Python313\;C:\Program Files\Common Files\Oracle\Java\javapath;C:\Program Files (x86)\Common Files\Oracle\Java\java8path;C:\Program Files (x86)\Common Files\Oracle\Java\javapath;C:\Program Files (x86)\NVIDIA Corporation\PhysX\Common;C:\Program Files\NVIDIA Corporation\NVIDIA NvDLISR;C:\WINDOWS\system32;C:\WINDOWS;C:\WINDOWS\System32\Wbem;C:\WINDOWS\System32\WindowsPowerShell\v1.0\;C:\WINDOWS\System32\OpenSSH\;C:\Program Files\nodejs\;C:\ProgramData\chocolatey\bin;C:\Program Files\Git\cmd;C:\Users\Nicoj\AppData\Local\Microsoft\WindowsApps;C:\Users\Nicoj\AppData\Local\Programs\Microsoft VS Code\bin;C:\Users\Nicoj\AppData\Local\Programs\Windsurf\bin;C:\Users\Nicoj\AppData\Roaming\npm;C:\Users\Nicoj\AppData\Local\GitHubDesktop\bin;c:\Users\Nicoj\.windsurf\extensions\vscjava.vscode-java-debug-0.58.3-universal\bundled\scripts\noConfigScripts
USERNAME=Nicoj
LANG=en_US.UTF-8
OS=Windows_NT
PROCESSOR_IDENTIFIER=Intel64 Family 6 Model 154 Stepping 3, GenuineIntel
TMP=C:\Users\Nicoj\AppData\Local\Temp
TEMP=C:\Users\Nicoj\AppData\Local\Temp




Periodic native trim disabled

---------------  S Y S T E M  ---------------

OS:
 Windows 11 , 64 bit Build 26100 (10.0.26100.5074)
OS uptime: 0 days 15:07 hours
Hyper-V role detected

CPU: total 16 (initial active 16) (8 cores per cpu, 2 threads per core) family 6 model 154 stepping 3 microcode 0x423, cx8, cmov, fxsr, ht, mmx, 3dnowpref, sse, sse2, sse3, ssse3, sse4.1, sse4.2, popcnt, lzcnt, tsc, tscinvbit, avx, avx2, aes, erms, clmul, bmi1, bmi2, adx, sha, fma, vzeroupper, clflush, clflushopt, clwb, hv, serialize, rdtscp, rdpid, fsrm, f16c, cet_ibt, cet_ss
Processor Information for processor 0
  Max Mhz: 3100, Current Mhz: 3100, Mhz Limit: 3100
Processor Information for processor 1
  Max Mhz: 3100, Current Mhz: 3100, Mhz Limit: 3100
Processor Information for processor 2
  Max Mhz: 3100, Current Mhz: 3100, Mhz Limit: 3100
Processor Information for processor 3
  Max Mhz: 3100, Current Mhz: 3100, Mhz Limit: 3100
Processor Information for processor 4
  Max Mhz: 3100, Current Mhz: 3100, Mhz Limit: 3100
Processor Information for processor 5
  Max Mhz: 3100, Current Mhz: 3100, Mhz Limit: 3100
Processor Information for processor 6
  Max Mhz: 3100, Current Mhz: 3100, Mhz Limit: 3100
Processor Information for processor 7
  Max Mhz: 3100, Current Mhz: 3100, Mhz Limit: 3100
Processor Information for processor 8
  Max Mhz: 3100, Current Mhz: 1488, Mhz Limit: 2232
Processor Information for processor 9
  Max Mhz: 3100, Current Mhz: 2232, Mhz Limit: 2232
Processor Information for processor 10
  Max Mhz: 3100, Current Mhz: 2232, Mhz Limit: 2232
Processor Information for processor 11
  Max Mhz: 3100, Current Mhz: 1488, Mhz Limit: 2232
Processor Information for processor 12
  Max Mhz: 3100, Current Mhz: 1488, Mhz Limit: 2232
Processor Information for processor 13
  Max Mhz: 3100, Current Mhz: 1488, Mhz Limit: 2232
Processor Information for processor 14
  Max Mhz: 3100, Current Mhz: 1488, Mhz Limit: 2232
Processor Information for processor 15
  Max Mhz: 3100, Current Mhz: 1488, Mhz Limit: 2232

Memory: 4k page, system-wide physical 7896M (454M free)
TotalPageFile size 24280M (AvailPageFile size 7M)
current process WorkingSet (physical memory assigned to process): 283M, peak: 286M
current process commit charge ("private bytes"): 326M, peak: 329M

vm_info: OpenJDK 64-Bit Server VM (21.0.9+10-LTS) for windows-amd64 JRE (21.0.9+10-LTS), built on 2025-10-21T00:00:00Z by "admin" with unknown MS VC++:1942

END.
